[debug] [2020-06-08T16:40:14.646Z] ----------------------------------------------------------------------
[debug] [2020-06-08T16:40:14.649Z] Command:       C:\Program Files\nodejs\node.exe C:\Program Files\nodejs\node_modules\firebase-tools\lib\bin\firebase.js serve
[debug] [2020-06-08T16:40:14.650Z] CLI Version:   8.4.2
[debug] [2020-06-08T16:40:14.650Z] Platform:      win32
[debug] [2020-06-08T16:40:14.650Z] Node Version:  v12.16.1
[debug] [2020-06-08T16:40:14.652Z] Time:          Mon Jun 08 2020 22:10:14 GMT+0530 (India Standard Time)
[debug] [2020-06-08T16:40:14.652Z] ----------------------------------------------------------------------
[debug] [2020-06-08T16:40:14.652Z] 
[debug] [2020-06-08T16:40:14.668Z] > command requires scopes: ["email","openid","https://www.googleapis.com/auth/cloudplatformprojects.readonly","https://www.googleapis.com/auth/firebase","https://www.googleapis.com/auth/cloud-platform"]
[debug] [2020-06-08T16:40:14.669Z] > authorizing via signed-in user
[debug] [2020-06-08T16:40:14.669Z] [iam] checking project my-trending-stories-dev for permissions ["firebase.projects.get"]
[debug] [2020-06-08T16:40:14.674Z] >>> HTTP REQUEST POST https://cloudresourcemanager.googleapis.com/v1/projects/my-trending-stories-dev:testIamPermissions  
 {"permissions":["firebase.projects.get"]}
[debug] [2020-06-08T16:40:16.181Z] <<< HTTP RESPONSE 200 {"content-type":"application/json; charset=UTF-8","vary":"X-Origin, Referer, Origin,Accept-Encoding","date":"Mon, 08 Jun 2020 16:40:14 GMT","server":"ESF","cache-control":"private","x-xss-protection":"0","x-frame-options":"SAMEORIGIN","x-content-type-options":"nosniff","server-timing":"gfet4t7; dur=1193","alt-svc":"h3-27=\":443\"; ma=2592000,h3-25=\":443\"; ma=2592000,h3-T050=\":443\"; ma=2592000,h3-Q050=\":443\"; ma=2592000,h3-Q049=\":443\"; ma=2592000,h3-Q048=\":443\"; ma=2592000,h3-Q046=\":443\"; ma=2592000,h3-Q043=\":443\"; ma=2592000,quic=\":443\"; ma=2592000; v=\"46,43\"","accept-ranges":"none","transfer-encoding":"chunked"}
[debug] [2020-06-08T16:40:16.185Z] >>> HTTP REQUEST GET https://firebase.googleapis.com/v1beta1/projects/my-trending-stories-dev  
 
[debug] [2020-06-08T16:40:16.749Z] <<< HTTP RESPONSE 200 {"content-type":"application/json; charset=UTF-8","vary":"X-Origin, Referer, Origin,Accept-Encoding","date":"Mon, 08 Jun 2020 16:40:15 GMT","server":"ESF","cache-control":"private","x-xss-protection":"0","x-frame-options":"SAMEORIGIN","x-content-type-options":"nosniff","alt-svc":"h3-27=\":443\"; ma=2592000,h3-25=\":443\"; ma=2592000,h3-T050=\":443\"; ma=2592000,h3-Q050=\":443\"; ma=2592000,h3-Q049=\":443\"; ma=2592000,h3-Q048=\":443\"; ma=2592000,h3-Q046=\":443\"; ma=2592000,h3-Q043=\":443\"; ma=2592000,quic=\":443\"; ma=2592000; v=\"46,43\"","accept-ranges":"none","transfer-encoding":"chunked"}
[info] 
[info] === Serving from 'C:\website'...
[info] 
[debug] [2020-06-08T16:40:16.758Z] >>> HTTP REQUEST GET https://firebase.googleapis.com/v1beta1/projects/my-trending-stories-dev/webApps/-/config  
 
[debug] [2020-06-08T16:40:17.747Z] <<< HTTP RESPONSE 200 {"content-type":"application/json; charset=UTF-8","vary":"X-Origin, Referer, Origin,Accept-Encoding","date":"Mon, 08 Jun 2020 16:40:16 GMT","server":"ESF","cache-control":"private","x-xss-protection":"0","x-frame-options":"SAMEORIGIN","x-content-type-options":"nosniff","alt-svc":"h3-27=\":443\"; ma=2592000,h3-25=\":443\"; ma=2592000,h3-T050=\":443\"; ma=2592000,h3-Q050=\":443\"; ma=2592000,h3-Q049=\":443\"; ma=2592000,h3-Q048=\":443\"; ma=2592000,h3-Q046=\":443\"; ma=2592000,h3-Q043=\":443\"; ma=2592000,quic=\":443\"; ma=2592000; v=\"46,43\"","accept-ranges":"none","transfer-encoding":"chunked"}
[info] i  hosting[dev]: Serving hosting files from: dist/enlink/browser {"metadata":{"emulator":{"name":"hosting"},"message":"Serving hosting files from: \u001b[1mdist/enlink/browser\u001b[22m"}}
[info] +  hosting[dev]: Local server: http://localhost:5000 {"metadata":{"emulator":{"name":"hosting"},"message":"Local server: \u001b[4m\u001b[1mhttp://localhost:5000\u001b[22m\u001b[24m"}}
[info] i  hosting[test]: Serving hosting files from: dist/enlink/browser {"metadata":{"emulator":{"name":"hosting"},"message":"Serving hosting files from: \u001b[1mdist/enlink/browser\u001b[22m"}}
[info] +  hosting[test]: Local server: http://localhost:5005 {"metadata":{"emulator":{"name":"hosting"},"message":"Local server: \u001b[4m\u001b[1mhttp://localhost:5005\u001b[22m\u001b[24m"}}
[info] i  hosting[prod]: Serving hosting files from: dist/enlink/browser {"metadata":{"emulator":{"name":"hosting"},"message":"Serving hosting files from: \u001b[1mdist/enlink/browser\u001b[22m"}}
[info] +  hosting[prod]: Local server: http://localhost:5006 {"metadata":{"emulator":{"name":"hosting"},"message":"Local server: \u001b[4m\u001b[1mhttp://localhost:5006\u001b[22m\u001b[24m"}}
[info] +  functions: Using node@12 from host. {"metadata":{"emulator":{"name":"functions"},"message":"Using node@12 from host."}}
[info] i  functions: Watching "C:\website\functions" for Cloud Functions... {"metadata":{"emulator":{"name":"functions"},"message":"Watching \"C:\\website\\functions\" for Cloud Functions..."}}
[debug] [2020-06-08T16:40:18.812Z] [worker-pool] addWorker(~diagnostic~) {"metadata":{"emulator":{"name":"functions"},"message":"[worker-pool] addWorker(~diagnostic~)"}}
[debug] [2020-06-08T16:40:18.813Z] [worker-pool] Adding worker with key ~diagnostic~, total=1 {"metadata":{"emulator":{"name":"functions"},"message":"[worker-pool] Adding worker with key ~diagnostic~, total=1"}}
[debug] [2020-06-08T16:40:18.813Z] [worker-pool] submitWork(triggerId=) {"metadata":{"emulator":{"name":"functions"},"message":"[worker-pool] submitWork(triggerId=)"}}
[debug] [2020-06-08T16:40:18.814Z] [worker-~diagnostic~-fd3882f4-2d4e-4775-a12d-f776ac6db002]: Assigning socketPath: \\?\pipe\C:\website\functions\6004 {"metadata":{"emulator":{"name":"functions"},"message":"[worker-~diagnostic~-fd3882f4-2d4e-4775-a12d-f776ac6db002]: Assigning socketPath: \\\\?\\pipe\\C:\\website\\functions\\6004"}}
[debug] [2020-06-08T16:40:18.815Z] [worker-~diagnostic~-fd3882f4-2d4e-4775-a12d-f776ac6db002]: BUSY {"metadata":{"emulator":{"name":"functions"},"message":"[worker-~diagnostic~-fd3882f4-2d4e-4775-a12d-f776ac6db002]: BUSY"}}
[debug] [2020-06-08T16:40:20.371Z] [runtime-status] [6004] Functions runtime initialized. {"cwd":"C:\\website\\functions","node_version":"12.16.1"} {"metadata":{"emulator":{"name":"functions"},"message":"[runtime-status] [6004] Functions runtime initialized. {\"cwd\":\"C:\\\\website\\\\functions\",\"node_version\":\"12.16.1\"}"}}
[debug] [2020-06-08T16:40:20.371Z] [runtime-status] [6004] Disabled runtime features: undefined {"metadata":{"emulator":{"name":"functions"},"message":"[runtime-status] [6004] Disabled runtime features: undefined"}}
[debug] [2020-06-08T16:40:20.372Z] [runtime-status] [6004] Resolved module firebase-admin {"declared":true,"installed":true,"version":"8.12.1","resolution":"C:\\website\\functions\\node_modules\\firebase-admin\\lib\\index.js"} {"metadata":{"emulator":{"name":"functions"},"message":"[runtime-status] [6004] Resolved module firebase-admin {\"declared\":true,\"installed\":true,\"version\":\"8.12.1\",\"resolution\":\"C:\\\\website\\\\functions\\\\node_modules\\\\firebase-admin\\\\lib\\\\index.js\"}"}}
[debug] [2020-06-08T16:40:20.372Z] [runtime-status] [6004] Resolved module firebase-functions {"declared":true,"installed":true,"version":"3.6.2","resolution":"C:\\website\\functions\\node_modules\\firebase-functions\\lib\\index.js"} {"metadata":{"emulator":{"name":"functions"},"message":"[runtime-status] [6004] Resolved module firebase-functions {\"declared\":true,\"installed\":true,\"version\":\"3.6.2\",\"resolution\":\"C:\\\\website\\\\functions\\\\node_modules\\\\firebase-functions\\\\lib\\\\index.js\"}"}}
[debug] [2020-06-08T16:40:20.372Z] [runtime-status] [6004] Outgoing network have been stubbed. [{"name":"http","status":"mocked"},{"name":"http","status":"mocked"},{"name":"https","status":"mocked"},{"name":"https","status":"mocked"},{"name":"net","status":"mocked"}] {"metadata":{"emulator":{"name":"functions"},"message":"[runtime-status] [6004] Outgoing network have been stubbed. [{\"name\":\"http\",\"status\":\"mocked\"},{\"name\":\"http\",\"status\":\"mocked\"},{\"name\":\"https\",\"status\":\"mocked\"},{\"name\":\"https\",\"status\":\"mocked\"},{\"name\":\"net\",\"status\":\"mocked\"}]"}}
[debug] [2020-06-08T16:40:20.372Z] [runtime-status] [6004] Resolved module firebase-functions {"declared":true,"installed":true,"version":"3.6.2","resolution":"C:\\website\\functions\\node_modules\\firebase-functions\\lib\\index.js"} {"metadata":{"emulator":{"name":"functions"},"message":"[runtime-status] [6004] Resolved module firebase-functions {\"declared\":true,\"installed\":true,\"version\":\"3.6.2\",\"resolution\":\"C:\\\\website\\\\functions\\\\node_modules\\\\firebase-functions\\\\lib\\\\index.js\"}"}}
[debug] [2020-06-08T16:40:20.373Z] [runtime-status] [6004] Checked functions.config() {"config":{}} {"metadata":{"emulator":{"name":"functions"},"message":"[runtime-status] [6004] Checked functions.config() {\"config\":{}}"}}
[debug] [2020-06-08T16:40:20.373Z] [runtime-status] [6004] firebase-functions has been stubbed. {"functionsResolution":{"declared":true,"installed":true,"version":"3.6.2","resolution":"C:\\website\\functions\\node_modules\\firebase-functions\\lib\\index.js"}} {"metadata":{"emulator":{"name":"functions"},"message":"[runtime-status] [6004] firebase-functions has been stubbed. {\"functionsResolution\":{\"declared\":true,\"installed\":true,\"version\":\"3.6.2\",\"resolution\":\"C:\\\\website\\\\functions\\\\node_modules\\\\firebase-functions\\\\lib\\\\index.js\"}}"}}
[debug] [2020-06-08T16:40:20.373Z] [runtime-status] [6004] Resolved module firebase-functions {"declared":true,"installed":true,"version":"3.6.2","resolution":"C:\\website\\functions\\node_modules\\firebase-functions\\lib\\index.js"} {"metadata":{"emulator":{"name":"functions"},"message":"[runtime-status] [6004] Resolved module firebase-functions {\"declared\":true,\"installed\":true,\"version\":\"3.6.2\",\"resolution\":\"C:\\\\website\\\\functions\\\\node_modules\\\\firebase-functions\\\\lib\\\\index.js\"}"}}
[debug] [2020-06-08T16:40:20.373Z] [runtime-status] [6004] Resolved module firebase-admin {"declared":true,"installed":true,"version":"8.12.1","resolution":"C:\\website\\functions\\node_modules\\firebase-admin\\lib\\index.js"} {"metadata":{"emulator":{"name":"functions"},"message":"[runtime-status] [6004] Resolved module firebase-admin {\"declared\":true,\"installed\":true,\"version\":\"8.12.1\",\"resolution\":\"C:\\\\website\\\\functions\\\\node_modules\\\\firebase-admin\\\\lib\\\\index.js\"}"}}
[debug] [2020-06-08T16:40:20.373Z] [runtime-status] [6004] Resolved module firebase-functions {"declared":true,"installed":true,"version":"3.6.2","resolution":"C:\\website\\functions\\node_modules\\firebase-functions\\lib\\index.js"} {"metadata":{"emulator":{"name":"functions"},"message":"[runtime-status] [6004] Resolved module firebase-functions {\"declared\":true,\"installed\":true,\"version\":\"3.6.2\",\"resolution\":\"C:\\\\website\\\\functions\\\\node_modules\\\\firebase-functions\\\\lib\\\\index.js\"}"}}
[debug] [2020-06-08T16:40:20.374Z] [runtime-status] [6004] firebase-admin has been stubbed. {"adminResolution":{"declared":true,"installed":true,"version":"8.12.1","resolution":"C:\\website\\functions\\node_modules\\firebase-admin\\lib\\index.js"}} {"metadata":{"emulator":{"name":"functions"},"message":"[runtime-status] [6004] firebase-admin has been stubbed. {\"adminResolution\":{\"declared\":true,\"installed\":true,\"version\":\"8.12.1\",\"resolution\":\"C:\\\\website\\\\functions\\\\node_modules\\\\firebase-admin\\\\lib\\\\index.js\"}}"}}
[warn] !  Error: Cannot find module 'C:\website\functions/dist/enlink/server'
Require stack:
- C:\website\functions\lib\index.js
- C:\Users\lg\AppData\Roaming\nvm\v12.16.1\node_modules\firebase-tools\lib\emulator\functionsEmulatorRuntime.js
    at Function.Module._resolveFilename (internal/modules/cjs/loader.js:982:15)
    at Function.Module._load (internal/modules/cjs/loader.js:864:27)
    at Module.require (internal/modules/cjs/loader.js:1044:19)
    at require (internal/modules/cjs/helpers.js:77:18)
    at Object.<anonymous> (C:\website\functions\lib\index.js:5:19)
    at Module._compile (internal/modules/cjs/loader.js:1158:30)
    at Object.Module._extensions..js (internal/modules/cjs/loader.js:1178:10)
    at Module.load (internal/modules/cjs/loader.js:1002:32)
    at Function.Module._load (internal/modules/cjs/loader.js:901:14)
    at Module.require (internal/modules/cjs/loader.js:1044:19) {"metadata":{"emulator":{"name":"functions"},"message":"Error: Cannot find module 'C:\\website\\functions/dist/enlink/server'\nRequire stack:\n- C:\\website\\functions\\lib\\index.js\n- C:\\Users\\lg\\AppData\\Roaming\\nvm\\v12.16.1\\node_modules\\firebase-tools\\lib\\emulator\\functionsEmulatorRuntime.js\n    at Function.Module._resolveFilename (internal/modules/cjs/loader.js:982:15)\n    at Function.Module._load (internal/modules/cjs/loader.js:864:27)\n    at Module.require (internal/modules/cjs/loader.js:1044:19)\n    at require (internal/modules/cjs/helpers.js:77:18)\n    at Object.<anonymous> (C:\\website\\functions\\lib\\index.js:5:19)\n    at Module._compile (internal/modules/cjs/loader.js:1158:30)\n    at Object.Module._extensions..js (internal/modules/cjs/loader.js:1178:10)\n    at Module.load (internal/modules/cjs/loader.js:1002:32)\n    at Function.Module._load (internal/modules/cjs/loader.js:901:14)\n    at Module.require (internal/modules/cjs/loader.js:1044:19)"}}
[warn] !  We were unable to load your functions code. (see above)
   - It appears your code is written in Typescript, which must be compiled before emulation.
   - You may be able to run "npm run build" in your functions directory to resolve this. {"metadata":{"emulator":{"name":"functions"}}}
[debug] [2020-06-08T16:40:20.412Z] [worker-~diagnostic~-fd3882f4-2d4e-4775-a12d-f776ac6db002]: exited {"metadata":{"emulator":{"name":"functions"},"message":"[worker-~diagnostic~-fd3882f4-2d4e-4775-a12d-f776ac6db002]: exited"}}
[debug] [2020-06-08T16:40:20.412Z] [worker-~diagnostic~-fd3882f4-2d4e-4775-a12d-f776ac6db002]: FINISHED {"metadata":{"emulator":{"name":"functions"},"message":"[worker-~diagnostic~-fd3882f4-2d4e-4775-a12d-f776ac6db002]: FINISHED"}}
