[debug] [2020-06-08T15:43:50.687Z] ----------------------------------------------------------------------
[debug] [2020-06-08T15:43:50.693Z] Command:       C:\Program Files\nodejs\node.exe C:\Program Files\nodejs\node_modules\firebase-tools\lib\bin\firebase.js serve
[debug] [2020-06-08T15:43:50.694Z] CLI Version:   8.4.2
[debug] [2020-06-08T15:43:50.695Z] Platform:      win32
[debug] [2020-06-08T15:43:50.695Z] Node Version:  v12.16.1
[debug] [2020-06-08T15:43:50.697Z] Time:          Mon Jun 08 2020 21:13:50 GMT+0530 (India Standard Time)
[debug] [2020-06-08T15:43:50.697Z] ----------------------------------------------------------------------
[debug] [2020-06-08T15:43:50.697Z] 
[debug] [2020-06-08T15:43:50.713Z] > command requires scopes: ["email","openid","https://www.googleapis.com/auth/cloudplatformprojects.readonly","https://www.googleapis.com/auth/firebase","https://www.googleapis.com/auth/cloud-platform"]
[debug] [2020-06-08T15:43:50.714Z] > authorizing via signed-in user
[debug] [2020-06-08T15:43:50.714Z] [iam] checking project my-trending-stories-dev for permissions ["firebase.projects.get"]
[debug] [2020-06-08T15:43:50.719Z] >>> HTTP REQUEST POST https://cloudresourcemanager.googleapis.com/v1/projects/my-trending-stories-dev:testIamPermissions  
 {"permissions":["firebase.projects.get"]}
[debug] [2020-06-08T15:43:52.230Z] <<< HTTP RESPONSE 200 {"content-type":"application/json; charset=UTF-8","vary":"X-Origin, Referer, Origin,Accept-Encoding","date":"Mon, 08 Jun 2020 15:43:50 GMT","server":"ESF","cache-control":"private","x-xss-protection":"0","x-frame-options":"SAMEORIGIN","x-content-type-options":"nosniff","server-timing":"gfet4t7; dur=1209","alt-svc":"h3-27=\":443\"; ma=2592000,h3-25=\":443\"; ma=2592000,h3-T050=\":443\"; ma=2592000,h3-Q050=\":443\"; ma=2592000,h3-Q049=\":443\"; ma=2592000,h3-Q048=\":443\"; ma=2592000,h3-Q046=\":443\"; ma=2592000,h3-Q043=\":443\"; ma=2592000,quic=\":443\"; ma=2592000; v=\"46,43\"","accept-ranges":"none","transfer-encoding":"chunked"}
[debug] [2020-06-08T15:43:52.233Z] >>> HTTP REQUEST GET https://firebase.googleapis.com/v1beta1/projects/my-trending-stories-dev  
 
[debug] [2020-06-08T15:43:52.713Z] <<< HTTP RESPONSE 200 {"content-type":"application/json; charset=UTF-8","vary":"X-Origin, Referer, Origin,Accept-Encoding","date":"Mon, 08 Jun 2020 15:43:51 GMT","server":"ESF","cache-control":"private","x-xss-protection":"0","x-frame-options":"SAMEORIGIN","x-content-type-options":"nosniff","alt-svc":"h3-27=\":443\"; ma=2592000,h3-25=\":443\"; ma=2592000,h3-T050=\":443\"; ma=2592000,h3-Q050=\":443\"; ma=2592000,h3-Q049=\":443\"; ma=2592000,h3-Q048=\":443\"; ma=2592000,h3-Q046=\":443\"; ma=2592000,h3-Q043=\":443\"; ma=2592000,quic=\":443\"; ma=2592000; v=\"46,43\"","accept-ranges":"none","transfer-encoding":"chunked"}
[info] 
[info] === Serving from 'C:\website'...
[info] 
[debug] [2020-06-08T15:43:53.551Z] >>> HTTP REQUEST GET https://firebase.googleapis.com/v1beta1/projects/my-trending-stories-dev/webApps/-/config  
 
[debug] [2020-06-08T15:43:54.503Z] <<< HTTP RESPONSE 200 {"content-type":"application/json; charset=UTF-8","vary":"X-Origin, Referer, Origin,Accept-Encoding","date":"Mon, 08 Jun 2020 15:43:52 GMT","server":"ESF","cache-control":"private","x-xss-protection":"0","x-frame-options":"SAMEORIGIN","x-content-type-options":"nosniff","alt-svc":"h3-27=\":443\"; ma=2592000,h3-25=\":443\"; ma=2592000,h3-T050=\":443\"; ma=2592000,h3-Q050=\":443\"; ma=2592000,h3-Q049=\":443\"; ma=2592000,h3-Q048=\":443\"; ma=2592000,h3-Q046=\":443\"; ma=2592000,h3-Q043=\":443\"; ma=2592000,quic=\":443\"; ma=2592000; v=\"46,43\"","accept-ranges":"none","transfer-encoding":"chunked"}
[info] i  hosting[dev]: Serving hosting files from: dist/browser {"metadata":{"emulator":{"name":"hosting"},"message":"Serving hosting files from: \u001b[1mdist/browser\u001b[22m"}}
[info] +  hosting[dev]: Local server: http://localhost:5000 {"metadata":{"emulator":{"name":"hosting"},"message":"Local server: \u001b[4m\u001b[1mhttp://localhost:5000\u001b[22m\u001b[24m"}}
[info] i  hosting[test]: Serving hosting files from: dist/browser {"metadata":{"emulator":{"name":"hosting"},"message":"Serving hosting files from: \u001b[1mdist/browser\u001b[22m"}}
[info] +  hosting[test]: Local server: http://localhost:5005 {"metadata":{"emulator":{"name":"hosting"},"message":"Local server: \u001b[4m\u001b[1mhttp://localhost:5005\u001b[22m\u001b[24m"}}
[info] i  hosting[prod]: Serving hosting files from: dist/browser {"metadata":{"emulator":{"name":"hosting"},"message":"Serving hosting files from: \u001b[1mdist/browser\u001b[22m"}}
[info] +  hosting[prod]: Local server: http://localhost:5006 {"metadata":{"emulator":{"name":"hosting"},"message":"Local server: \u001b[4m\u001b[1mhttp://localhost:5006\u001b[22m\u001b[24m"}}
[warn] !  Your requested "node" version "8" doesn't match your global version "12" {"metadata":{"emulator":{"name":"functions"},"message":"Your requested \"node\" version \"8\" doesn't match your global version \"12\""}}
[info] i  functions: Watching "C:\website\functions" for Cloud Functions... {"metadata":{"emulator":{"name":"functions"},"message":"Watching \"C:\\website\\functions\" for Cloud Functions..."}}
[debug] [2020-06-08T15:43:55.622Z] [worker-pool] addWorker(~diagnostic~) {"metadata":{"emulator":{"name":"functions"},"message":"[worker-pool] addWorker(~diagnostic~)"}}
[debug] [2020-06-08T15:43:55.623Z] [worker-pool] Adding worker with key ~diagnostic~, total=1 {"metadata":{"emulator":{"name":"functions"},"message":"[worker-pool] Adding worker with key ~diagnostic~, total=1"}}
[debug] [2020-06-08T15:43:55.624Z] [worker-pool] submitWork(triggerId=) {"metadata":{"emulator":{"name":"functions"},"message":"[worker-pool] submitWork(triggerId=)"}}
[debug] [2020-06-08T15:43:55.625Z] [worker-~diagnostic~-7962316d-a8ab-4047-906d-6237e539e1bc]: Assigning socketPath: \\?\pipe\C:\website\functions\11056 {"metadata":{"emulator":{"name":"functions"},"message":"[worker-~diagnostic~-7962316d-a8ab-4047-906d-6237e539e1bc]: Assigning socketPath: \\\\?\\pipe\\C:\\website\\functions\\11056"}}
[debug] [2020-06-08T15:43:55.627Z] [worker-~diagnostic~-7962316d-a8ab-4047-906d-6237e539e1bc]: BUSY {"metadata":{"emulator":{"name":"functions"},"message":"[worker-~diagnostic~-7962316d-a8ab-4047-906d-6237e539e1bc]: BUSY"}}
[debug] [2020-06-08T15:43:57.257Z] [runtime-status] [11056] Functions runtime initialized. {"cwd":"C:\\website\\functions","node_version":"12.16.1"} {"metadata":{"emulator":{"name":"functions"},"message":"[runtime-status] [11056] Functions runtime initialized. {\"cwd\":\"C:\\\\website\\\\functions\",\"node_version\":\"12.16.1\"}"}}
[debug] [2020-06-08T15:43:57.258Z] [runtime-status] [11056] Disabled runtime features: undefined {"metadata":{"emulator":{"name":"functions"},"message":"[runtime-status] [11056] Disabled runtime features: undefined"}}
[debug] [2020-06-08T15:43:57.258Z] [runtime-status] [11056] Resolved module firebase-admin {"declared":true,"installed":true,"version":"8.12.1","resolution":"C:\\website\\functions\\node_modules\\firebase-admin\\lib\\index.js"} {"metadata":{"emulator":{"name":"functions"},"message":"[runtime-status] [11056] Resolved module firebase-admin {\"declared\":true,\"installed\":true,\"version\":\"8.12.1\",\"resolution\":\"C:\\\\website\\\\functions\\\\node_modules\\\\firebase-admin\\\\lib\\\\index.js\"}"}}
[debug] [2020-06-08T15:43:57.258Z] [runtime-status] [11056] Resolved module firebase-functions {"declared":true,"installed":true,"version":"3.6.2","resolution":"C:\\website\\functions\\node_modules\\firebase-functions\\lib\\index.js"} {"metadata":{"emulator":{"name":"functions"},"message":"[runtime-status] [11056] Resolved module firebase-functions {\"declared\":true,\"installed\":true,\"version\":\"3.6.2\",\"resolution\":\"C:\\\\website\\\\functions\\\\node_modules\\\\firebase-functions\\\\lib\\\\index.js\"}"}}
[debug] [2020-06-08T15:43:57.259Z] [runtime-status] [11056] Outgoing network have been stubbed. [{"name":"http","status":"mocked"},{"name":"http","status":"mocked"},{"name":"https","status":"mocked"},{"name":"https","status":"mocked"},{"name":"net","status":"mocked"}] {"metadata":{"emulator":{"name":"functions"},"message":"[runtime-status] [11056] Outgoing network have been stubbed. [{\"name\":\"http\",\"status\":\"mocked\"},{\"name\":\"http\",\"status\":\"mocked\"},{\"name\":\"https\",\"status\":\"mocked\"},{\"name\":\"https\",\"status\":\"mocked\"},{\"name\":\"net\",\"status\":\"mocked\"}]"}}
[debug] [2020-06-08T15:43:57.259Z] [runtime-status] [11056] Resolved module firebase-functions {"declared":true,"installed":true,"version":"3.6.2","resolution":"C:\\website\\functions\\node_modules\\firebase-functions\\lib\\index.js"} {"metadata":{"emulator":{"name":"functions"},"message":"[runtime-status] [11056] Resolved module firebase-functions {\"declared\":true,\"installed\":true,\"version\":\"3.6.2\",\"resolution\":\"C:\\\\website\\\\functions\\\\node_modules\\\\firebase-functions\\\\lib\\\\index.js\"}"}}
[debug] [2020-06-08T15:43:57.260Z] [runtime-status] [11056] Checked functions.config() {"config":{}} {"metadata":{"emulator":{"name":"functions"},"message":"[runtime-status] [11056] Checked functions.config() {\"config\":{}}"}}
[debug] [2020-06-08T15:43:57.261Z] [runtime-status] [11056] firebase-functions has been stubbed. {"functionsResolution":{"declared":true,"installed":true,"version":"3.6.2","resolution":"C:\\website\\functions\\node_modules\\firebase-functions\\lib\\index.js"}} {"metadata":{"emulator":{"name":"functions"},"message":"[runtime-status] [11056] firebase-functions has been stubbed. {\"functionsResolution\":{\"declared\":true,\"installed\":true,\"version\":\"3.6.2\",\"resolution\":\"C:\\\\website\\\\functions\\\\node_modules\\\\firebase-functions\\\\lib\\\\index.js\"}}"}}
[debug] [2020-06-08T15:43:57.262Z] [runtime-status] [11056] Resolved module firebase-functions {"declared":true,"installed":true,"version":"3.6.2","resolution":"C:\\website\\functions\\node_modules\\firebase-functions\\lib\\index.js"} {"metadata":{"emulator":{"name":"functions"},"message":"[runtime-status] [11056] Resolved module firebase-functions {\"declared\":true,\"installed\":true,\"version\":\"3.6.2\",\"resolution\":\"C:\\\\website\\\\functions\\\\node_modules\\\\firebase-functions\\\\lib\\\\index.js\"}"}}
[debug] [2020-06-08T15:43:57.262Z] [runtime-status] [11056] Resolved module firebase-admin {"declared":true,"installed":true,"version":"8.12.1","resolution":"C:\\website\\functions\\node_modules\\firebase-admin\\lib\\index.js"} {"metadata":{"emulator":{"name":"functions"},"message":"[runtime-status] [11056] Resolved module firebase-admin {\"declared\":true,\"installed\":true,\"version\":\"8.12.1\",\"resolution\":\"C:\\\\website\\\\functions\\\\node_modules\\\\firebase-admin\\\\lib\\\\index.js\"}"}}
[debug] [2020-06-08T15:43:57.262Z] [runtime-status] [11056] Resolved module firebase-functions {"declared":true,"installed":true,"version":"3.6.2","resolution":"C:\\website\\functions\\node_modules\\firebase-functions\\lib\\index.js"} {"metadata":{"emulator":{"name":"functions"},"message":"[runtime-status] [11056] Resolved module firebase-functions {\"declared\":true,\"installed\":true,\"version\":\"3.6.2\",\"resolution\":\"C:\\\\website\\\\functions\\\\node_modules\\\\firebase-functions\\\\lib\\\\index.js\"}"}}
[debug] [2020-06-08T15:43:57.262Z] [runtime-status] [11056] firebase-admin has been stubbed. {"adminResolution":{"declared":true,"installed":true,"version":"8.12.1","resolution":"C:\\website\\functions\\node_modules\\firebase-admin\\lib\\index.js"}} {"metadata":{"emulator":{"name":"functions"},"message":"[runtime-status] [11056] firebase-admin has been stubbed. {\"adminResolution\":{\"declared\":true,\"installed\":true,\"version\":\"8.12.1\",\"resolution\":\"C:\\\\website\\\\functions\\\\node_modules\\\\firebase-admin\\\\lib\\\\index.js\"}}"}}
[warn] !  Error: Cannot find module 'C:\website\functions/dist/server'
Require stack:
- C:\website\functions\lib\index.js
- C:\Users\lg\AppData\Roaming\nvm\v12.16.1\node_modules\firebase-tools\lib\emulator\functionsEmulatorRuntime.js
    at Function.Module._resolveFilename (internal/modules/cjs/loader.js:982:15)
    at Function.Module._load (internal/modules/cjs/loader.js:864:27)
    at Module.require (internal/modules/cjs/loader.js:1044:19)
    at require (internal/modules/cjs/helpers.js:77:18)
    at Object.<anonymous> (C:\website\functions\lib\index.js:5:19)
    at Module._compile (internal/modules/cjs/loader.js:1158:30)
    at Object.Module._extensions..js (internal/modules/cjs/loader.js:1178:10)
    at Module.load (internal/modules/cjs/loader.js:1002:32)
    at Function.Module._load (internal/modules/cjs/loader.js:901:14)
    at Module.require (internal/modules/cjs/loader.js:1044:19) {"metadata":{"emulator":{"name":"functions"},"message":"Error: Cannot find module 'C:\\website\\functions/dist/server'\nRequire stack:\n- C:\\website\\functions\\lib\\index.js\n- C:\\Users\\lg\\AppData\\Roaming\\nvm\\v12.16.1\\node_modules\\firebase-tools\\lib\\emulator\\functionsEmulatorRuntime.js\n    at Function.Module._resolveFilename (internal/modules/cjs/loader.js:982:15)\n    at Function.Module._load (internal/modules/cjs/loader.js:864:27)\n    at Module.require (internal/modules/cjs/loader.js:1044:19)\n    at require (internal/modules/cjs/helpers.js:77:18)\n    at Object.<anonymous> (C:\\website\\functions\\lib\\index.js:5:19)\n    at Module._compile (internal/modules/cjs/loader.js:1158:30)\n    at Object.Module._extensions..js (internal/modules/cjs/loader.js:1178:10)\n    at Module.load (internal/modules/cjs/loader.js:1002:32)\n    at Function.Module._load (internal/modules/cjs/loader.js:901:14)\n    at Module.require (internal/modules/cjs/loader.js:1044:19)"}}
[warn] !  We were unable to load your functions code. (see above)
   - It appears your code is written in Typescript, which must be compiled before emulation.
   - You may be able to run "npm run build" in your functions directory to resolve this. {"metadata":{"emulator":{"name":"functions"}}}
[debug] [2020-06-08T15:43:57.294Z] [worker-~diagnostic~-7962316d-a8ab-4047-906d-6237e539e1bc]: exited {"metadata":{"emulator":{"name":"functions"},"message":"[worker-~diagnostic~-7962316d-a8ab-4047-906d-6237e539e1bc]: exited"}}
[debug] [2020-06-08T15:43:57.295Z] [worker-~diagnostic~-7962316d-a8ab-4047-906d-6237e539e1bc]: FINISHED {"metadata":{"emulator":{"name":"functions"},"message":"[worker-~diagnostic~-7962316d-a8ab-4047-906d-6237e539e1bc]: FINISHED"}}
[debug] [2020-06-08T15:45:38.919Z] File C:\website\functions\src\index.ts changed, reloading triggers {"metadata":{"emulator":{"name":"functions"},"message":"File C:\\website\\functions\\src\\index.ts changed, reloading triggers"}}
[debug] [2020-06-08T15:45:39.921Z] [worker-pool] Cleaned up workers for ~diagnostic~: 1 --> 0 {"metadata":{"emulator":{"name":"functions"},"message":"[worker-pool] Cleaned up workers for ~diagnostic~: 1 --> 0"}}
[debug] [2020-06-08T15:45:39.930Z] [worker-pool] addWorker(~diagnostic~) {"metadata":{"emulator":{"name":"functions"},"message":"[worker-pool] addWorker(~diagnostic~)"}}
[debug] [2020-06-08T15:45:39.930Z] [worker-pool] Adding worker with key ~diagnostic~, total=1 {"metadata":{"emulator":{"name":"functions"},"message":"[worker-pool] Adding worker with key ~diagnostic~, total=1"}}
[debug] [2020-06-08T15:45:39.931Z] [worker-pool] submitWork(triggerId=) {"metadata":{"emulator":{"name":"functions"},"message":"[worker-pool] submitWork(triggerId=)"}}
[debug] [2020-06-08T15:45:39.931Z] [worker-~diagnostic~-68605711-f60f-4a7c-9498-f8599bf1f69b]: Assigning socketPath: \\?\pipe\C:\website\functions\2900 {"metadata":{"emulator":{"name":"functions"},"message":"[worker-~diagnostic~-68605711-f60f-4a7c-9498-f8599bf1f69b]: Assigning socketPath: \\\\?\\pipe\\C:\\website\\functions\\2900"}}
[debug] [2020-06-08T15:45:39.931Z] [worker-~diagnostic~-68605711-f60f-4a7c-9498-f8599bf1f69b]: BUSY {"metadata":{"emulator":{"name":"functions"},"message":"[worker-~diagnostic~-68605711-f60f-4a7c-9498-f8599bf1f69b]: BUSY"}}
[debug] [2020-06-08T15:45:41.103Z] [runtime-status] [2900] Functions runtime initialized. {"cwd":"C:\\website\\functions","node_version":"12.16.1"} {"metadata":{"emulator":{"name":"functions"},"message":"[runtime-status] [2900] Functions runtime initialized. {\"cwd\":\"C:\\\\website\\\\functions\",\"node_version\":\"12.16.1\"}"}}
[debug] [2020-06-08T15:45:41.117Z] [runtime-status] [2900] Disabled runtime features: undefined {"metadata":{"emulator":{"name":"functions"},"message":"[runtime-status] [2900] Disabled runtime features: undefined"}}
[debug] [2020-06-08T15:45:41.135Z] [runtime-status] [2900] Resolved module firebase-admin {"declared":true,"installed":true,"version":"8.12.1","resolution":"C:\\website\\functions\\node_modules\\firebase-admin\\lib\\index.js"} {"metadata":{"emulator":{"name":"functions"},"message":"[runtime-status] [2900] Resolved module firebase-admin {\"declared\":true,\"installed\":true,\"version\":\"8.12.1\",\"resolution\":\"C:\\\\website\\\\functions\\\\node_modules\\\\firebase-admin\\\\lib\\\\index.js\"}"}}
[debug] [2020-06-08T15:45:41.138Z] [runtime-status] [2900] Resolved module firebase-functions {"declared":true,"installed":true,"version":"3.6.2","resolution":"C:\\website\\functions\\node_modules\\firebase-functions\\lib\\index.js"} {"metadata":{"emulator":{"name":"functions"},"message":"[runtime-status] [2900] Resolved module firebase-functions {\"declared\":true,\"installed\":true,\"version\":\"3.6.2\",\"resolution\":\"C:\\\\website\\\\functions\\\\node_modules\\\\firebase-functions\\\\lib\\\\index.js\"}"}}
[debug] [2020-06-08T15:45:41.140Z] [runtime-status] [2900] Outgoing network have been stubbed. [{"name":"http","status":"mocked"},{"name":"http","status":"mocked"},{"name":"https","status":"mocked"},{"name":"https","status":"mocked"},{"name":"net","status":"mocked"}] {"metadata":{"emulator":{"name":"functions"},"message":"[runtime-status] [2900] Outgoing network have been stubbed. [{\"name\":\"http\",\"status\":\"mocked\"},{\"name\":\"http\",\"status\":\"mocked\"},{\"name\":\"https\",\"status\":\"mocked\"},{\"name\":\"https\",\"status\":\"mocked\"},{\"name\":\"net\",\"status\":\"mocked\"}]"}}
[debug] [2020-06-08T15:45:41.142Z] [runtime-status] [2900] Resolved module firebase-functions {"declared":true,"installed":true,"version":"3.6.2","resolution":"C:\\website\\functions\\node_modules\\firebase-functions\\lib\\index.js"} {"metadata":{"emulator":{"name":"functions"},"message":"[runtime-status] [2900] Resolved module firebase-functions {\"declared\":true,\"installed\":true,\"version\":\"3.6.2\",\"resolution\":\"C:\\\\website\\\\functions\\\\node_modules\\\\firebase-functions\\\\lib\\\\index.js\"}"}}
[debug] [2020-06-08T15:45:41.237Z] [runtime-status] [2900] Checked functions.config() {"config":{}} {"metadata":{"emulator":{"name":"functions"},"message":"[runtime-status] [2900] Checked functions.config() {\"config\":{}}"}}
[debug] [2020-06-08T15:45:41.238Z] [runtime-status] [2900] firebase-functions has been stubbed. {"functionsResolution":{"declared":true,"installed":true,"version":"3.6.2","resolution":"C:\\website\\functions\\node_modules\\firebase-functions\\lib\\index.js"}} {"metadata":{"emulator":{"name":"functions"},"message":"[runtime-status] [2900] firebase-functions has been stubbed. {\"functionsResolution\":{\"declared\":true,\"installed\":true,\"version\":\"3.6.2\",\"resolution\":\"C:\\\\website\\\\functions\\\\node_modules\\\\firebase-functions\\\\lib\\\\index.js\"}}"}}
[debug] [2020-06-08T15:45:41.240Z] [runtime-status] [2900] Resolved module firebase-functions {"declared":true,"installed":true,"version":"3.6.2","resolution":"C:\\website\\functions\\node_modules\\firebase-functions\\lib\\index.js"} {"metadata":{"emulator":{"name":"functions"},"message":"[runtime-status] [2900] Resolved module firebase-functions {\"declared\":true,\"installed\":true,\"version\":\"3.6.2\",\"resolution\":\"C:\\\\website\\\\functions\\\\node_modules\\\\firebase-functions\\\\lib\\\\index.js\"}"}}
[debug] [2020-06-08T15:45:41.247Z] [runtime-status] [2900] Resolved module firebase-admin {"declared":true,"installed":true,"version":"8.12.1","resolution":"C:\\website\\functions\\node_modules\\firebase-admin\\lib\\index.js"} {"metadata":{"emulator":{"name":"functions"},"message":"[runtime-status] [2900] Resolved module firebase-admin {\"declared\":true,\"installed\":true,\"version\":\"8.12.1\",\"resolution\":\"C:\\\\website\\\\functions\\\\node_modules\\\\firebase-admin\\\\lib\\\\index.js\"}"}}
[debug] [2020-06-08T15:45:41.249Z] [runtime-status] [2900] Resolved module firebase-functions {"declared":true,"installed":true,"version":"3.6.2","resolution":"C:\\website\\functions\\node_modules\\firebase-functions\\lib\\index.js"} {"metadata":{"emulator":{"name":"functions"},"message":"[runtime-status] [2900] Resolved module firebase-functions {\"declared\":true,\"installed\":true,\"version\":\"3.6.2\",\"resolution\":\"C:\\\\website\\\\functions\\\\node_modules\\\\firebase-functions\\\\lib\\\\index.js\"}"}}
[debug] [2020-06-08T15:45:41.249Z] [runtime-status] [2900] firebase-admin has been stubbed. {"adminResolution":{"declared":true,"installed":true,"version":"8.12.1","resolution":"C:\\website\\functions\\node_modules\\firebase-admin\\lib\\index.js"}} {"metadata":{"emulator":{"name":"functions"},"message":"[runtime-status] [2900] firebase-admin has been stubbed. {\"adminResolution\":{\"declared\":true,\"installed\":true,\"version\":\"8.12.1\",\"resolution\":\"C:\\\\website\\\\functions\\\\node_modules\\\\firebase-admin\\\\lib\\\\index.js\"}}"}}
[warn] !  Error: Cannot find module 'C:\website\functions/dist/server'
Require stack:
- C:\website\functions\lib\index.js
- C:\Users\lg\AppData\Roaming\nvm\v12.16.1\node_modules\firebase-tools\lib\emulator\functionsEmulatorRuntime.js
    at Function.Module._resolveFilename (internal/modules/cjs/loader.js:982:15)
    at Function.Module._load (internal/modules/cjs/loader.js:864:27)
    at Module.require (internal/modules/cjs/loader.js:1044:19)
    at require (internal/modules/cjs/helpers.js:77:18)
    at Object.<anonymous> (C:\website\functions\lib\index.js:5:19)
    at Module._compile (internal/modules/cjs/loader.js:1158:30)
    at Object.Module._extensions..js (internal/modules/cjs/loader.js:1178:10)
    at Module.load (internal/modules/cjs/loader.js:1002:32)
    at Function.Module._load (internal/modules/cjs/loader.js:901:14)
    at Module.require (internal/modules/cjs/loader.js:1044:19) {"metadata":{"emulator":{"name":"functions"},"message":"Error: Cannot find module 'C:\\website\\functions/dist/server'\nRequire stack:\n- C:\\website\\functions\\lib\\index.js\n- C:\\Users\\lg\\AppData\\Roaming\\nvm\\v12.16.1\\node_modules\\firebase-tools\\lib\\emulator\\functionsEmulatorRuntime.js\n    at Function.Module._resolveFilename (internal/modules/cjs/loader.js:982:15)\n    at Function.Module._load (internal/modules/cjs/loader.js:864:27)\n    at Module.require (internal/modules/cjs/loader.js:1044:19)\n    at require (internal/modules/cjs/helpers.js:77:18)\n    at Object.<anonymous> (C:\\website\\functions\\lib\\index.js:5:19)\n    at Module._compile (internal/modules/cjs/loader.js:1158:30)\n    at Object.Module._extensions..js (internal/modules/cjs/loader.js:1178:10)\n    at Module.load (internal/modules/cjs/loader.js:1002:32)\n    at Function.Module._load (internal/modules/cjs/loader.js:901:14)\n    at Module.require (internal/modules/cjs/loader.js:1044:19)"}}
[warn] !  We were unable to load your functions code. (see above)
   - It appears your code is written in Typescript, which must be compiled before emulation.
   - You may be able to run "npm run build" in your functions directory to resolve this. {"metadata":{"emulator":{"name":"functions"}}}
[debug] [2020-06-08T15:45:41.321Z] [worker-~diagnostic~-68605711-f60f-4a7c-9498-f8599bf1f69b]: exited {"metadata":{"emulator":{"name":"functions"},"message":"[worker-~diagnostic~-68605711-f60f-4a7c-9498-f8599bf1f69b]: exited"}}
[debug] [2020-06-08T15:45:41.321Z] [worker-~diagnostic~-68605711-f60f-4a7c-9498-f8599bf1f69b]: FINISHED {"metadata":{"emulator":{"name":"functions"},"message":"[worker-~diagnostic~-68605711-f60f-4a7c-9498-f8599bf1f69b]: FINISHED"}}
[debug] [2020-06-08T15:53:02.613Z] ----------------------------------------------------------------------
[debug] [2020-06-08T15:53:02.618Z] Command:       C:\Program Files\nodejs\node.exe C:\Program Files\nodejs\node_modules\firebase-tools\lib\bin\firebase.js serve
[debug] [2020-06-08T15:53:02.618Z] CLI Version:   8.4.2
[debug] [2020-06-08T15:53:02.618Z] Platform:      win32
[debug] [2020-06-08T15:53:02.618Z] Node Version:  v12.16.1
[debug] [2020-06-08T15:53:02.620Z] Time:          Mon Jun 08 2020 21:23:02 GMT+0530 (India Standard Time)
[debug] [2020-06-08T15:53:02.620Z] ----------------------------------------------------------------------
[debug] [2020-06-08T15:53:02.621Z] 
[debug] [2020-06-08T15:53:02.643Z] > command requires scopes: ["email","openid","https://www.googleapis.com/auth/cloudplatformprojects.readonly","https://www.googleapis.com/auth/firebase","https://www.googleapis.com/auth/cloud-platform"]
[debug] [2020-06-08T15:53:02.645Z] > authorizing via signed-in user
[debug] [2020-06-08T15:53:02.645Z] [iam] checking project my-trending-stories-dev for permissions ["firebase.projects.get"]
[debug] [2020-06-08T15:53:02.656Z] >>> HTTP REQUEST POST https://cloudresourcemanager.googleapis.com/v1/projects/my-trending-stories-dev:testIamPermissions  
 {"permissions":["firebase.projects.get"]}
[debug] [2020-06-08T15:53:04.132Z] <<< HTTP RESPONSE 200 {"content-type":"application/json; charset=UTF-8","vary":"X-Origin, Referer, Origin,Accept-Encoding","date":"Mon, 08 Jun 2020 15:53:02 GMT","server":"ESF","cache-control":"private","x-xss-protection":"0","x-frame-options":"SAMEORIGIN","x-content-type-options":"nosniff","server-timing":"gfet4t7; dur=1166","alt-svc":"h3-27=\":443\"; ma=2592000,h3-25=\":443\"; ma=2592000,h3-T050=\":443\"; ma=2592000,h3-Q050=\":443\"; ma=2592000,h3-Q049=\":443\"; ma=2592000,h3-Q048=\":443\"; ma=2592000,h3-Q046=\":443\"; ma=2592000,h3-Q043=\":443\"; ma=2592000,quic=\":443\"; ma=2592000; v=\"46,43\"","accept-ranges":"none","transfer-encoding":"chunked"}
[debug] [2020-06-08T15:53:04.136Z] >>> HTTP REQUEST GET https://firebase.googleapis.com/v1beta1/projects/my-trending-stories-dev  
 
[debug] [2020-06-08T15:53:04.580Z] <<< HTTP RESPONSE 200 {"content-type":"application/json; charset=UTF-8","vary":"X-Origin, Referer, Origin,Accept-Encoding","date":"Mon, 08 Jun 2020 15:53:02 GMT","server":"ESF","cache-control":"private","x-xss-protection":"0","x-frame-options":"SAMEORIGIN","x-content-type-options":"nosniff","alt-svc":"h3-27=\":443\"; ma=2592000,h3-25=\":443\"; ma=2592000,h3-T050=\":443\"; ma=2592000,h3-Q050=\":443\"; ma=2592000,h3-Q049=\":443\"; ma=2592000,h3-Q048=\":443\"; ma=2592000,h3-Q046=\":443\"; ma=2592000,h3-Q043=\":443\"; ma=2592000,quic=\":443\"; ma=2592000; v=\"46,43\"","accept-ranges":"none","transfer-encoding":"chunked"}
[info] 
[info] === Serving from 'C:\website'...
[info] 
[debug] [2020-06-08T15:53:04.590Z] >>> HTTP REQUEST GET https://firebase.googleapis.com/v1beta1/projects/my-trending-stories-dev/webApps/-/config  
 
[debug] [2020-06-08T15:53:06.468Z] <<< HTTP RESPONSE 200 {"content-type":"application/json; charset=UTF-8","vary":"X-Origin, Referer, Origin,Accept-Encoding","date":"Mon, 08 Jun 2020 15:53:04 GMT","server":"ESF","cache-control":"private","x-xss-protection":"0","x-frame-options":"SAMEORIGIN","x-content-type-options":"nosniff","alt-svc":"h3-27=\":443\"; ma=2592000,h3-25=\":443\"; ma=2592000,h3-T050=\":443\"; ma=2592000,h3-Q050=\":443\"; ma=2592000,h3-Q049=\":443\"; ma=2592000,h3-Q048=\":443\"; ma=2592000,h3-Q046=\":443\"; ma=2592000,h3-Q043=\":443\"; ma=2592000,quic=\":443\"; ma=2592000; v=\"46,43\"","accept-ranges":"none","transfer-encoding":"chunked"}
[info] i  hosting[dev]: Serving hosting files from: dist/enlink/browser {"metadata":{"emulator":{"name":"hosting"},"message":"Serving hosting files from: \u001b[1mdist/enlink/browser\u001b[22m"}}
[info] +  hosting[dev]: Local server: http://localhost:5000 {"metadata":{"emulator":{"name":"hosting"},"message":"Local server: \u001b[4m\u001b[1mhttp://localhost:5000\u001b[22m\u001b[24m"}}
[info] i  hosting[test]: Serving hosting files from: dist/enlink/browser {"metadata":{"emulator":{"name":"hosting"},"message":"Serving hosting files from: \u001b[1mdist/enlink/browser\u001b[22m"}}
[info] +  hosting[test]: Local server: http://localhost:5005 {"metadata":{"emulator":{"name":"hosting"},"message":"Local server: \u001b[4m\u001b[1mhttp://localhost:5005\u001b[22m\u001b[24m"}}
[info] i  hosting[prod]: Serving hosting files from: dist/enlink/browser {"metadata":{"emulator":{"name":"hosting"},"message":"Serving hosting files from: \u001b[1mdist/enlink/browser\u001b[22m"}}
[info] +  hosting[prod]: Local server: http://localhost:5006 {"metadata":{"emulator":{"name":"hosting"},"message":"Local server: \u001b[4m\u001b[1mhttp://localhost:5006\u001b[22m\u001b[24m"}}
[warn] !  Your requested "node" version "8" doesn't match your global version "12" {"metadata":{"emulator":{"name":"functions"},"message":"Your requested \"node\" version \"8\" doesn't match your global version \"12\""}}
[info] i  functions: Watching "C:\website\functions" for Cloud Functions... {"metadata":{"emulator":{"name":"functions"},"message":"Watching \"C:\\website\\functions\" for Cloud Functions..."}}
[debug] [2020-06-08T15:53:06.809Z] [worker-pool] addWorker(~diagnostic~) {"metadata":{"emulator":{"name":"functions"},"message":"[worker-pool] addWorker(~diagnostic~)"}}
[debug] [2020-06-08T15:53:06.810Z] [worker-pool] Adding worker with key ~diagnostic~, total=1 {"metadata":{"emulator":{"name":"functions"},"message":"[worker-pool] Adding worker with key ~diagnostic~, total=1"}}
[debug] [2020-06-08T15:53:06.811Z] [worker-pool] submitWork(triggerId=) {"metadata":{"emulator":{"name":"functions"},"message":"[worker-pool] submitWork(triggerId=)"}}
[debug] [2020-06-08T15:53:06.811Z] [worker-~diagnostic~-acdd2658-7537-4c36-97e5-80fd4f87d139]: Assigning socketPath: \\?\pipe\C:\website\functions\14256 {"metadata":{"emulator":{"name":"functions"},"message":"[worker-~diagnostic~-acdd2658-7537-4c36-97e5-80fd4f87d139]: Assigning socketPath: \\\\?\\pipe\\C:\\website\\functions\\14256"}}
[debug] [2020-06-08T15:53:06.812Z] [worker-~diagnostic~-acdd2658-7537-4c36-97e5-80fd4f87d139]: BUSY {"metadata":{"emulator":{"name":"functions"},"message":"[worker-~diagnostic~-acdd2658-7537-4c36-97e5-80fd4f87d139]: BUSY"}}
[debug] [2020-06-08T15:53:08.980Z] [runtime-status] [14256] Functions runtime initialized. {"cwd":"C:\\website\\functions","node_version":"12.16.1"} {"metadata":{"emulator":{"name":"functions"},"message":"[runtime-status] [14256] Functions runtime initialized. {\"cwd\":\"C:\\\\website\\\\functions\",\"node_version\":\"12.16.1\"}"}}
[debug] [2020-06-08T15:53:08.980Z] [runtime-status] [14256] Disabled runtime features: undefined {"metadata":{"emulator":{"name":"functions"},"message":"[runtime-status] [14256] Disabled runtime features: undefined"}}
[debug] [2020-06-08T15:53:08.981Z] [runtime-status] [14256] Resolved module firebase-admin {"declared":true,"installed":true,"version":"8.12.1","resolution":"C:\\website\\functions\\node_modules\\firebase-admin\\lib\\index.js"} {"metadata":{"emulator":{"name":"functions"},"message":"[runtime-status] [14256] Resolved module firebase-admin {\"declared\":true,\"installed\":true,\"version\":\"8.12.1\",\"resolution\":\"C:\\\\website\\\\functions\\\\node_modules\\\\firebase-admin\\\\lib\\\\index.js\"}"}}
[debug] [2020-06-08T15:53:08.982Z] [runtime-status] [14256] Resolved module firebase-functions {"declared":true,"installed":true,"version":"3.6.2","resolution":"C:\\website\\functions\\node_modules\\firebase-functions\\lib\\index.js"} {"metadata":{"emulator":{"name":"functions"},"message":"[runtime-status] [14256] Resolved module firebase-functions {\"declared\":true,\"installed\":true,\"version\":\"3.6.2\",\"resolution\":\"C:\\\\website\\\\functions\\\\node_modules\\\\firebase-functions\\\\lib\\\\index.js\"}"}}
[debug] [2020-06-08T15:53:08.983Z] [runtime-status] [14256] Outgoing network have been stubbed. [{"name":"http","status":"mocked"},{"name":"http","status":"mocked"},{"name":"https","status":"mocked"},{"name":"https","status":"mocked"},{"name":"net","status":"mocked"}] {"metadata":{"emulator":{"name":"functions"},"message":"[runtime-status] [14256] Outgoing network have been stubbed. [{\"name\":\"http\",\"status\":\"mocked\"},{\"name\":\"http\",\"status\":\"mocked\"},{\"name\":\"https\",\"status\":\"mocked\"},{\"name\":\"https\",\"status\":\"mocked\"},{\"name\":\"net\",\"status\":\"mocked\"}]"}}
[debug] [2020-06-08T15:53:08.983Z] [runtime-status] [14256] Resolved module firebase-functions {"declared":true,"installed":true,"version":"3.6.2","resolution":"C:\\website\\functions\\node_modules\\firebase-functions\\lib\\index.js"} {"metadata":{"emulator":{"name":"functions"},"message":"[runtime-status] [14256] Resolved module firebase-functions {\"declared\":true,\"installed\":true,\"version\":\"3.6.2\",\"resolution\":\"C:\\\\website\\\\functions\\\\node_modules\\\\firebase-functions\\\\lib\\\\index.js\"}"}}
[debug] [2020-06-08T15:53:08.984Z] [runtime-status] [14256] Checked functions.config() {"config":{}} {"metadata":{"emulator":{"name":"functions"},"message":"[runtime-status] [14256] Checked functions.config() {\"config\":{}}"}}
[debug] [2020-06-08T15:53:08.984Z] [runtime-status] [14256] firebase-functions has been stubbed. {"functionsResolution":{"declared":true,"installed":true,"version":"3.6.2","resolution":"C:\\website\\functions\\node_modules\\firebase-functions\\lib\\index.js"}} {"metadata":{"emulator":{"name":"functions"},"message":"[runtime-status] [14256] firebase-functions has been stubbed. {\"functionsResolution\":{\"declared\":true,\"installed\":true,\"version\":\"3.6.2\",\"resolution\":\"C:\\\\website\\\\functions\\\\node_modules\\\\firebase-functions\\\\lib\\\\index.js\"}}"}}
[debug] [2020-06-08T15:53:08.985Z] [runtime-status] [14256] Resolved module firebase-functions {"declared":true,"installed":true,"version":"3.6.2","resolution":"C:\\website\\functions\\node_modules\\firebase-functions\\lib\\index.js"} {"metadata":{"emulator":{"name":"functions"},"message":"[runtime-status] [14256] Resolved module firebase-functions {\"declared\":true,\"installed\":true,\"version\":\"3.6.2\",\"resolution\":\"C:\\\\website\\\\functions\\\\node_modules\\\\firebase-functions\\\\lib\\\\index.js\"}"}}
[debug] [2020-06-08T15:53:08.985Z] [runtime-status] [14256] Resolved module firebase-admin {"declared":true,"installed":true,"version":"8.12.1","resolution":"C:\\website\\functions\\node_modules\\firebase-admin\\lib\\index.js"} {"metadata":{"emulator":{"name":"functions"},"message":"[runtime-status] [14256] Resolved module firebase-admin {\"declared\":true,\"installed\":true,\"version\":\"8.12.1\",\"resolution\":\"C:\\\\website\\\\functions\\\\node_modules\\\\firebase-admin\\\\lib\\\\index.js\"}"}}
[debug] [2020-06-08T15:53:08.985Z] [runtime-status] [14256] Resolved module firebase-functions {"declared":true,"installed":true,"version":"3.6.2","resolution":"C:\\website\\functions\\node_modules\\firebase-functions\\lib\\index.js"} {"metadata":{"emulator":{"name":"functions"},"message":"[runtime-status] [14256] Resolved module firebase-functions {\"declared\":true,\"installed\":true,\"version\":\"3.6.2\",\"resolution\":\"C:\\\\website\\\\functions\\\\node_modules\\\\firebase-functions\\\\lib\\\\index.js\"}"}}
[debug] [2020-06-08T15:53:08.986Z] [runtime-status] [14256] firebase-admin has been stubbed. {"adminResolution":{"declared":true,"installed":true,"version":"8.12.1","resolution":"C:\\website\\functions\\node_modules\\firebase-admin\\lib\\index.js"}} {"metadata":{"emulator":{"name":"functions"},"message":"[runtime-status] [14256] firebase-admin has been stubbed. {\"adminResolution\":{\"declared\":true,\"installed\":true,\"version\":\"8.12.1\",\"resolution\":\"C:\\\\website\\\\functions\\\\node_modules\\\\firebase-admin\\\\lib\\\\index.js\"}}"}}
[warn] !  Error: Cannot find module 'C:\website\functions/dist/enlink/server'
Require stack:
- C:\website\functions\lib\index.js
- C:\Users\lg\AppData\Roaming\nvm\v12.16.1\node_modules\firebase-tools\lib\emulator\functionsEmulatorRuntime.js
    at Function.Module._resolveFilename (internal/modules/cjs/loader.js:982:15)
    at Function.Module._load (internal/modules/cjs/loader.js:864:27)
    at Module.require (internal/modules/cjs/loader.js:1044:19)
    at require (internal/modules/cjs/helpers.js:77:18)
    at Object.<anonymous> (C:\website\functions\lib\index.js:5:19)
    at Module._compile (internal/modules/cjs/loader.js:1158:30)
    at Object.Module._extensions..js (internal/modules/cjs/loader.js:1178:10)
    at Module.load (internal/modules/cjs/loader.js:1002:32)
    at Function.Module._load (internal/modules/cjs/loader.js:901:14)
    at Module.require (internal/modules/cjs/loader.js:1044:19) {"metadata":{"emulator":{"name":"functions"},"message":"Error: Cannot find module 'C:\\website\\functions/dist/enlink/server'\nRequire stack:\n- C:\\website\\functions\\lib\\index.js\n- C:\\Users\\lg\\AppData\\Roaming\\nvm\\v12.16.1\\node_modules\\firebase-tools\\lib\\emulator\\functionsEmulatorRuntime.js\n    at Function.Module._resolveFilename (internal/modules/cjs/loader.js:982:15)\n    at Function.Module._load (internal/modules/cjs/loader.js:864:27)\n    at Module.require (internal/modules/cjs/loader.js:1044:19)\n    at require (internal/modules/cjs/helpers.js:77:18)\n    at Object.<anonymous> (C:\\website\\functions\\lib\\index.js:5:19)\n    at Module._compile (internal/modules/cjs/loader.js:1158:30)\n    at Object.Module._extensions..js (internal/modules/cjs/loader.js:1178:10)\n    at Module.load (internal/modules/cjs/loader.js:1002:32)\n    at Function.Module._load (internal/modules/cjs/loader.js:901:14)\n    at Module.require (internal/modules/cjs/loader.js:1044:19)"}}
[warn] !  We were unable to load your functions code. (see above)
   - It appears your code is written in Typescript, which must be compiled before emulation.
   - You may be able to run "npm run build" in your functions directory to resolve this. {"metadata":{"emulator":{"name":"functions"}}}
[debug] [2020-06-08T15:53:09.095Z] [worker-~diagnostic~-acdd2658-7537-4c36-97e5-80fd4f87d139]: exited {"metadata":{"emulator":{"name":"functions"},"message":"[worker-~diagnostic~-acdd2658-7537-4c36-97e5-80fd4f87d139]: exited"}}
[debug] [2020-06-08T15:53:09.095Z] [worker-~diagnostic~-acdd2658-7537-4c36-97e5-80fd4f87d139]: FINISHED {"metadata":{"emulator":{"name":"functions"},"message":"[worker-~diagnostic~-acdd2658-7537-4c36-97e5-80fd4f87d139]: FINISHED"}}
[debug] [2020-06-08T16:30:34.785Z] ----------------------------------------------------------------------
[debug] [2020-06-08T16:30:34.788Z] Command:       C:\Program Files\nodejs\node.exe C:\Program Files\nodejs\node_modules\firebase-tools\lib\bin\firebase.js serve
[debug] [2020-06-08T16:30:34.788Z] CLI Version:   8.4.2
[debug] [2020-06-08T16:30:34.788Z] Platform:      win32
[debug] [2020-06-08T16:30:34.788Z] Node Version:  v12.16.1
[debug] [2020-06-08T16:30:34.790Z] Time:          Mon Jun 08 2020 22:00:34 GMT+0530 (India Standard Time)
[debug] [2020-06-08T16:30:34.790Z] ----------------------------------------------------------------------
[debug] [2020-06-08T16:30:34.790Z] 
[debug] [2020-06-08T16:30:34.859Z] > command requires scopes: ["email","openid","https://www.googleapis.com/auth/cloudplatformprojects.readonly","https://www.googleapis.com/auth/firebase","https://www.googleapis.com/auth/cloud-platform"]
[debug] [2020-06-08T16:30:34.861Z] > authorizing via signed-in user
[debug] [2020-06-08T16:30:34.861Z] [iam] checking project my-trending-stories-dev for permissions ["firebase.projects.get"]
[debug] [2020-06-08T16:30:34.868Z] > refreshing access token with scopes: ["email","https://www.googleapis.com/auth/cloud-platform","https://www.googleapis.com/auth/cloudplatformprojects.readonly","https://www.googleapis.com/auth/firebase","openid"]
[debug] [2020-06-08T16:30:34.869Z] >>> HTTP REQUEST POST https://www.googleapis.com/oauth2/v3/token  
 <request body omitted>
[debug] [2020-06-08T16:30:35.189Z] <<< HTTP RESPONSE 200 {"content-type":"application/json; charset=utf-8","vary":"X-Origin, Referer, Origin,Accept-Encoding","date":"Mon, 08 Jun 2020 16:30:33 GMT","server":"scaffolding on HTTPServer2","cache-control":"private","x-xss-protection":"0","x-frame-options":"SAMEORIGIN","x-content-type-options":"nosniff","alt-svc":"h3-27=\":443\"; ma=2592000,h3-25=\":443\"; ma=2592000,h3-T050=\":443\"; ma=2592000,h3-Q050=\":443\"; ma=2592000,h3-Q049=\":443\"; ma=2592000,h3-Q048=\":443\"; ma=2592000,h3-Q046=\":443\"; ma=2592000,h3-Q043=\":443\"; ma=2592000,quic=\":443\"; ma=2592000; v=\"46,43\"","accept-ranges":"none","transfer-encoding":"chunked"}
[debug] [2020-06-08T16:30:35.211Z] >>> HTTP REQUEST POST https://cloudresourcemanager.googleapis.com/v1/projects/my-trending-stories-dev:testIamPermissions  
 {"permissions":["firebase.projects.get"]}
[debug] [2020-06-08T16:30:36.655Z] <<< HTTP RESPONSE 200 {"content-type":"application/json; charset=UTF-8","vary":"X-Origin, Referer, Origin,Accept-Encoding","date":"Mon, 08 Jun 2020 16:30:34 GMT","server":"ESF","cache-control":"private","x-xss-protection":"0","x-frame-options":"SAMEORIGIN","x-content-type-options":"nosniff","server-timing":"gfet4t7; dur=1191","alt-svc":"h3-27=\":443\"; ma=2592000,h3-25=\":443\"; ma=2592000,h3-T050=\":443\"; ma=2592000,h3-Q050=\":443\"; ma=2592000,h3-Q049=\":443\"; ma=2592000,h3-Q048=\":443\"; ma=2592000,h3-Q046=\":443\"; ma=2592000,h3-Q043=\":443\"; ma=2592000,quic=\":443\"; ma=2592000; v=\"46,43\"","accept-ranges":"none","transfer-encoding":"chunked"}
[debug] [2020-06-08T16:30:36.656Z] >>> HTTP REQUEST GET https://firebase.googleapis.com/v1beta1/projects/my-trending-stories-dev  
 
[debug] [2020-06-08T16:30:37.203Z] <<< HTTP RESPONSE 200 {"content-type":"application/json; charset=UTF-8","vary":"X-Origin, Referer, Origin,Accept-Encoding","date":"Mon, 08 Jun 2020 16:30:35 GMT","server":"ESF","cache-control":"private","x-xss-protection":"0","x-frame-options":"SAMEORIGIN","x-content-type-options":"nosniff","alt-svc":"h3-27=\":443\"; ma=2592000,h3-25=\":443\"; ma=2592000,h3-T050=\":443\"; ma=2592000,h3-Q050=\":443\"; ma=2592000,h3-Q049=\":443\"; ma=2592000,h3-Q048=\":443\"; ma=2592000,h3-Q046=\":443\"; ma=2592000,h3-Q043=\":443\"; ma=2592000,quic=\":443\"; ma=2592000; v=\"46,43\"","accept-ranges":"none","transfer-encoding":"chunked"}
[info] 
[info] === Serving from 'C:\website'...
[info] 
[debug] [2020-06-08T16:30:37.211Z] >>> HTTP REQUEST GET https://firebase.googleapis.com/v1beta1/projects/my-trending-stories-dev/webApps/-/config  
 
[debug] [2020-06-08T16:30:38.813Z] <<< HTTP RESPONSE 200 {"content-type":"application/json; charset=UTF-8","vary":"X-Origin, Referer, Origin,Accept-Encoding","date":"Mon, 08 Jun 2020 16:30:37 GMT","server":"ESF","cache-control":"private","x-xss-protection":"0","x-frame-options":"SAMEORIGIN","x-content-type-options":"nosniff","alt-svc":"h3-27=\":443\"; ma=2592000,h3-25=\":443\"; ma=2592000,h3-T050=\":443\"; ma=2592000,h3-Q050=\":443\"; ma=2592000,h3-Q049=\":443\"; ma=2592000,h3-Q048=\":443\"; ma=2592000,h3-Q046=\":443\"; ma=2592000,h3-Q043=\":443\"; ma=2592000,quic=\":443\"; ma=2592000; v=\"46,43\"","accept-ranges":"none","transfer-encoding":"chunked"}
[info] i  hosting[dev]: Serving hosting files from: dist/enlink/browser {"metadata":{"emulator":{"name":"hosting"},"message":"Serving hosting files from: \u001b[1mdist/enlink/browser\u001b[22m"}}
[info] +  hosting[dev]: Local server: http://localhost:5000 {"metadata":{"emulator":{"name":"hosting"},"message":"Local server: \u001b[4m\u001b[1mhttp://localhost:5000\u001b[22m\u001b[24m"}}
[info] i  hosting[test]: Serving hosting files from: dist/enlink/browser {"metadata":{"emulator":{"name":"hosting"},"message":"Serving hosting files from: \u001b[1mdist/enlink/browser\u001b[22m"}}
[info] +  hosting[test]: Local server: http://localhost:5005 {"metadata":{"emulator":{"name":"hosting"},"message":"Local server: \u001b[4m\u001b[1mhttp://localhost:5005\u001b[22m\u001b[24m"}}
[info] i  hosting[prod]: Serving hosting files from: dist/enlink/browser {"metadata":{"emulator":{"name":"hosting"},"message":"Serving hosting files from: \u001b[1mdist/enlink/browser\u001b[22m"}}
[info] +  hosting[prod]: Local server: http://localhost:5006 {"metadata":{"emulator":{"name":"hosting"},"message":"Local server: \u001b[4m\u001b[1mhttp://localhost:5006\u001b[22m\u001b[24m"}}
[info] +  functions: Using node@12 from host. {"metadata":{"emulator":{"name":"functions"},"message":"Using node@12 from host."}}
[info] i  functions: Watching "C:\website\functions" for Cloud Functions... {"metadata":{"emulator":{"name":"functions"},"message":"Watching \"C:\\website\\functions\" for Cloud Functions..."}}
[debug] [2020-06-08T16:30:39.255Z] [worker-pool] addWorker(~diagnostic~) {"metadata":{"emulator":{"name":"functions"},"message":"[worker-pool] addWorker(~diagnostic~)"}}
[debug] [2020-06-08T16:30:39.256Z] [worker-pool] Adding worker with key ~diagnostic~, total=1 {"metadata":{"emulator":{"name":"functions"},"message":"[worker-pool] Adding worker with key ~diagnostic~, total=1"}}
[debug] [2020-06-08T16:30:39.256Z] [worker-pool] submitWork(triggerId=) {"metadata":{"emulator":{"name":"functions"},"message":"[worker-pool] submitWork(triggerId=)"}}
[debug] [2020-06-08T16:30:39.257Z] [worker-~diagnostic~-99d3f97e-fe8f-463f-a3a4-b3902f343119]: Assigning socketPath: \\?\pipe\C:\website\functions\13972 {"metadata":{"emulator":{"name":"functions"},"message":"[worker-~diagnostic~-99d3f97e-fe8f-463f-a3a4-b3902f343119]: Assigning socketPath: \\\\?\\pipe\\C:\\website\\functions\\13972"}}
[debug] [2020-06-08T16:30:39.258Z] [worker-~diagnostic~-99d3f97e-fe8f-463f-a3a4-b3902f343119]: BUSY {"metadata":{"emulator":{"name":"functions"},"message":"[worker-~diagnostic~-99d3f97e-fe8f-463f-a3a4-b3902f343119]: BUSY"}}
[debug] [2020-06-08T16:30:41.176Z] [runtime-status] [13972] Functions runtime initialized. {"cwd":"C:\\website\\functions","node_version":"12.16.1"} {"metadata":{"emulator":{"name":"functions"},"message":"[runtime-status] [13972] Functions runtime initialized. {\"cwd\":\"C:\\\\website\\\\functions\",\"node_version\":\"12.16.1\"}"}}
[debug] [2020-06-08T16:30:41.178Z] [runtime-status] [13972] Disabled runtime features: undefined {"metadata":{"emulator":{"name":"functions"},"message":"[runtime-status] [13972] Disabled runtime features: undefined"}}
[debug] [2020-06-08T16:30:41.179Z] [runtime-status] [13972] Resolved module firebase-admin {"declared":true,"installed":true,"version":"8.12.1","resolution":"C:\\website\\functions\\node_modules\\firebase-admin\\lib\\index.js"} {"metadata":{"emulator":{"name":"functions"},"message":"[runtime-status] [13972] Resolved module firebase-admin {\"declared\":true,\"installed\":true,\"version\":\"8.12.1\",\"resolution\":\"C:\\\\website\\\\functions\\\\node_modules\\\\firebase-admin\\\\lib\\\\index.js\"}"}}
[debug] [2020-06-08T16:30:41.179Z] [runtime-status] [13972] Resolved module firebase-functions {"declared":true,"installed":true,"version":"3.6.2","resolution":"C:\\website\\functions\\node_modules\\firebase-functions\\lib\\index.js"} {"metadata":{"emulator":{"name":"functions"},"message":"[runtime-status] [13972] Resolved module firebase-functions {\"declared\":true,\"installed\":true,\"version\":\"3.6.2\",\"resolution\":\"C:\\\\website\\\\functions\\\\node_modules\\\\firebase-functions\\\\lib\\\\index.js\"}"}}
[debug] [2020-06-08T16:30:41.180Z] [runtime-status] [13972] Outgoing network have been stubbed. [{"name":"http","status":"mocked"},{"name":"http","status":"mocked"},{"name":"https","status":"mocked"},{"name":"https","status":"mocked"},{"name":"net","status":"mocked"}] {"metadata":{"emulator":{"name":"functions"},"message":"[runtime-status] [13972] Outgoing network have been stubbed. [{\"name\":\"http\",\"status\":\"mocked\"},{\"name\":\"http\",\"status\":\"mocked\"},{\"name\":\"https\",\"status\":\"mocked\"},{\"name\":\"https\",\"status\":\"mocked\"},{\"name\":\"net\",\"status\":\"mocked\"}]"}}
[debug] [2020-06-08T16:30:41.180Z] [runtime-status] [13972] Resolved module firebase-functions {"declared":true,"installed":true,"version":"3.6.2","resolution":"C:\\website\\functions\\node_modules\\firebase-functions\\lib\\index.js"} {"metadata":{"emulator":{"name":"functions"},"message":"[runtime-status] [13972] Resolved module firebase-functions {\"declared\":true,\"installed\":true,\"version\":\"3.6.2\",\"resolution\":\"C:\\\\website\\\\functions\\\\node_modules\\\\firebase-functions\\\\lib\\\\index.js\"}"}}
[debug] [2020-06-08T16:30:41.400Z] [runtime-status] [13972] Checked functions.config() {"config":{}} {"metadata":{"emulator":{"name":"functions"},"message":"[runtime-status] [13972] Checked functions.config() {\"config\":{}}"}}
[debug] [2020-06-08T16:30:41.401Z] [runtime-status] [13972] firebase-functions has been stubbed. {"functionsResolution":{"declared":true,"installed":true,"version":"3.6.2","resolution":"C:\\website\\functions\\node_modules\\firebase-functions\\lib\\index.js"}} {"metadata":{"emulator":{"name":"functions"},"message":"[runtime-status] [13972] firebase-functions has been stubbed. {\"functionsResolution\":{\"declared\":true,\"installed\":true,\"version\":\"3.6.2\",\"resolution\":\"C:\\\\website\\\\functions\\\\node_modules\\\\firebase-functions\\\\lib\\\\index.js\"}}"}}
[debug] [2020-06-08T16:30:41.406Z] [runtime-status] [13972] Resolved module firebase-functions {"declared":true,"installed":true,"version":"3.6.2","resolution":"C:\\website\\functions\\node_modules\\firebase-functions\\lib\\index.js"} {"metadata":{"emulator":{"name":"functions"},"message":"[runtime-status] [13972] Resolved module firebase-functions {\"declared\":true,\"installed\":true,\"version\":\"3.6.2\",\"resolution\":\"C:\\\\website\\\\functions\\\\node_modules\\\\firebase-functions\\\\lib\\\\index.js\"}"}}
[debug] [2020-06-08T16:30:41.407Z] [runtime-status] [13972] Resolved module firebase-admin {"declared":true,"installed":true,"version":"8.12.1","resolution":"C:\\website\\functions\\node_modules\\firebase-admin\\lib\\index.js"} {"metadata":{"emulator":{"name":"functions"},"message":"[runtime-status] [13972] Resolved module firebase-admin {\"declared\":true,\"installed\":true,\"version\":\"8.12.1\",\"resolution\":\"C:\\\\website\\\\functions\\\\node_modules\\\\firebase-admin\\\\lib\\\\index.js\"}"}}
[debug] [2020-06-08T16:30:41.407Z] [runtime-status] [13972] Resolved module firebase-functions {"declared":true,"installed":true,"version":"3.6.2","resolution":"C:\\website\\functions\\node_modules\\firebase-functions\\lib\\index.js"} {"metadata":{"emulator":{"name":"functions"},"message":"[runtime-status] [13972] Resolved module firebase-functions {\"declared\":true,\"installed\":true,\"version\":\"3.6.2\",\"resolution\":\"C:\\\\website\\\\functions\\\\node_modules\\\\firebase-functions\\\\lib\\\\index.js\"}"}}
[debug] [2020-06-08T16:30:41.407Z] [runtime-status] [13972] firebase-admin has been stubbed. {"adminResolution":{"declared":true,"installed":true,"version":"8.12.1","resolution":"C:\\website\\functions\\node_modules\\firebase-admin\\lib\\index.js"}} {"metadata":{"emulator":{"name":"functions"},"message":"[runtime-status] [13972] firebase-admin has been stubbed. {\"adminResolution\":{\"declared\":true,\"installed\":true,\"version\":\"8.12.1\",\"resolution\":\"C:\\\\website\\\\functions\\\\node_modules\\\\firebase-admin\\\\lib\\\\index.js\"}}"}}
[warn] !  Error: Cannot find module 'C:\website\functions/dist/enlink/server'
Require stack:
- C:\website\functions\lib\index.js
- C:\Users\lg\AppData\Roaming\nvm\v12.16.1\node_modules\firebase-tools\lib\emulator\functionsEmulatorRuntime.js
    at Function.Module._resolveFilename (internal/modules/cjs/loader.js:982:15)
    at Function.Module._load (internal/modules/cjs/loader.js:864:27)
    at Module.require (internal/modules/cjs/loader.js:1044:19)
    at require (internal/modules/cjs/helpers.js:77:18)
    at Object.<anonymous> (C:\website\functions\lib\index.js:5:19)
    at Module._compile (internal/modules/cjs/loader.js:1158:30)
    at Object.Module._extensions..js (internal/modules/cjs/loader.js:1178:10)
    at Module.load (internal/modules/cjs/loader.js:1002:32)
    at Function.Module._load (internal/modules/cjs/loader.js:901:14)
    at Module.require (internal/modules/cjs/loader.js:1044:19) {"metadata":{"emulator":{"name":"functions"},"message":"Error: Cannot find module 'C:\\website\\functions/dist/enlink/server'\nRequire stack:\n- C:\\website\\functions\\lib\\index.js\n- C:\\Users\\lg\\AppData\\Roaming\\nvm\\v12.16.1\\node_modules\\firebase-tools\\lib\\emulator\\functionsEmulatorRuntime.js\n    at Function.Module._resolveFilename (internal/modules/cjs/loader.js:982:15)\n    at Function.Module._load (internal/modules/cjs/loader.js:864:27)\n    at Module.require (internal/modules/cjs/loader.js:1044:19)\n    at require (internal/modules/cjs/helpers.js:77:18)\n    at Object.<anonymous> (C:\\website\\functions\\lib\\index.js:5:19)\n    at Module._compile (internal/modules/cjs/loader.js:1158:30)\n    at Object.Module._extensions..js (internal/modules/cjs/loader.js:1178:10)\n    at Module.load (internal/modules/cjs/loader.js:1002:32)\n    at Function.Module._load (internal/modules/cjs/loader.js:901:14)\n    at Module.require (internal/modules/cjs/loader.js:1044:19)"}}
[warn] !  We were unable to load your functions code. (see above)
   - It appears your code is written in Typescript, which must be compiled before emulation.
   - You may be able to run "npm run build" in your functions directory to resolve this. {"metadata":{"emulator":{"name":"functions"}}}
[debug] [2020-06-08T16:30:41.429Z] [worker-~diagnostic~-99d3f97e-fe8f-463f-a3a4-b3902f343119]: exited {"metadata":{"emulator":{"name":"functions"},"message":"[worker-~diagnostic~-99d3f97e-fe8f-463f-a3a4-b3902f343119]: exited"}}
[debug] [2020-06-08T16:30:41.430Z] [worker-~diagnostic~-99d3f97e-fe8f-463f-a3a4-b3902f343119]: FINISHED {"metadata":{"emulator":{"name":"functions"},"message":"[worker-~diagnostic~-99d3f97e-fe8f-463f-a3a4-b3902f343119]: FINISHED"}}
[info] i  hosting: 127.0.0.1 - - [08/Jun/2020:16:30:46 +0000] "GET / HTTP/1.1" 200 1432 "-" "Mozilla/5.0 (Windows NT 10.0; Win64; x64) AppleWebKit/537.36 (KHTML, like Gecko) Chrome/83.0.4103.97 Safari/537.36" {"metadata":{"emulator":{"name":"hosting"},"message":"127.0.0.1 - - [08/Jun/2020:16:30:46 +0000] \"GET / HTTP/1.1\" 200 1432 \"-\" \"Mozilla/5.0 (Windows NT 10.0; Win64; x64) AppleWebKit/537.36 (KHTML, like Gecko) Chrome/83.0.4103.97 Safari/537.36\""}}
[info] i  hosting: 127.0.0.1 - - [08/Jun/2020:16:30:46 +0000] "GET /runtime-es2015.763427aaa5deaf338041.js HTTP/1.1" 200 2581 "http://localhost:5000/" "Mozilla/5.0 (Windows NT 10.0; Win64; x64) AppleWebKit/537.36 (KHTML, like Gecko) Chrome/83.0.4103.97 Safari/537.36" {"metadata":{"emulator":{"name":"hosting"},"message":"127.0.0.1 - - [08/Jun/2020:16:30:46 +0000] \"GET /runtime-es2015.763427aaa5deaf338041.js HTTP/1.1\" 200 2581 \"http://localhost:5000/\" \"Mozilla/5.0 (Windows NT 10.0; Win64; x64) AppleWebKit/537.36 (KHTML, like Gecko) Chrome/83.0.4103.97 Safari/537.36\""}}
[info] i  hosting: 127.0.0.1 - - [08/Jun/2020:16:30:46 +0000] "GET /polyfills-es2015.b985e94edec84c074d3b.js HTTP/1.1" 200 62600 "http://localhost:5000/" "Mozilla/5.0 (Windows NT 10.0; Win64; x64) AppleWebKit/537.36 (KHTML, like Gecko) Chrome/83.0.4103.97 Safari/537.36" {"metadata":{"emulator":{"name":"hosting"},"message":"127.0.0.1 - - [08/Jun/2020:16:30:46 +0000] \"GET /polyfills-es2015.b985e94edec84c074d3b.js HTTP/1.1\" 200 62600 \"http://localhost:5000/\" \"Mozilla/5.0 (Windows NT 10.0; Win64; x64) AppleWebKit/537.36 (KHTML, like Gecko) Chrome/83.0.4103.97 Safari/537.36\""}}
[info] i  hosting: 127.0.0.1 - - [08/Jun/2020:16:30:46 +0000] "GET /styles.beb3c142cb577de76c12.css HTTP/1.1" 200 822329 "http://localhost:5000/" "Mozilla/5.0 (Windows NT 10.0; Win64; x64) AppleWebKit/537.36 (KHTML, like Gecko) Chrome/83.0.4103.97 Safari/537.36" {"metadata":{"emulator":{"name":"hosting"},"message":"127.0.0.1 - - [08/Jun/2020:16:30:46 +0000] \"GET /styles.beb3c142cb577de76c12.css HTTP/1.1\" 200 822329 \"http://localhost:5000/\" \"Mozilla/5.0 (Windows NT 10.0; Win64; x64) AppleWebKit/537.36 (KHTML, like Gecko) Chrome/83.0.4103.97 Safari/537.36\""}}
[info] i  hosting: 127.0.0.1 - - [08/Jun/2020:16:30:46 +0000] "GET /main-es2015.07bfeae8ed5f85353daa.js HTTP/1.1" 200 2527516 "http://localhost:5000/" "Mozilla/5.0 (Windows NT 10.0; Win64; x64) AppleWebKit/537.36 (KHTML, like Gecko) Chrome/83.0.4103.97 Safari/537.36" {"metadata":{"emulator":{"name":"hosting"},"message":"127.0.0.1 - - [08/Jun/2020:16:30:46 +0000] \"GET /main-es2015.07bfeae8ed5f85353daa.js HTTP/1.1\" 200 2527516 \"http://localhost:5000/\" \"Mozilla/5.0 (Windows NT 10.0; Win64; x64) AppleWebKit/537.36 (KHTML, like Gecko) Chrome/83.0.4103.97 Safari/537.36\""}}
[info] i  hosting: 127.0.0.1 - - [08/Jun/2020:16:30:47 +0000] "GET /scripts.db609015df8be0c439d4.js HTTP/1.1" 200 102583 "http://localhost:5000/" "Mozilla/5.0 (Windows NT 10.0; Win64; x64) AppleWebKit/537.36 (KHTML, like Gecko) Chrome/83.0.4103.97 Safari/537.36" {"metadata":{"emulator":{"name":"hosting"},"message":"127.0.0.1 - - [08/Jun/2020:16:30:47 +0000] \"GET /scripts.db609015df8be0c439d4.js HTTP/1.1\" 200 102583 \"http://localhost:5000/\" \"Mozilla/5.0 (Windows NT 10.0; Win64; x64) AppleWebKit/537.36 (KHTML, like Gecko) Chrome/83.0.4103.97 Safari/537.36\""}}
[info] i  hosting: 127.0.0.1 - - [08/Jun/2020:16:30:47 +0000] "GET /3-es2015.0e7c6187f63a33d0c9cb.js HTTP/1.1" 200 176012 "http://localhost:5000/" "Mozilla/5.0 (Windows NT 10.0; Win64; x64) AppleWebKit/537.36 (KHTML, like Gecko) Chrome/83.0.4103.97 Safari/537.36" {"metadata":{"emulator":{"name":"hosting"},"message":"127.0.0.1 - - [08/Jun/2020:16:30:47 +0000] \"GET /3-es2015.0e7c6187f63a33d0c9cb.js HTTP/1.1\" 200 176012 \"http://localhost:5000/\" \"Mozilla/5.0 (Windows NT 10.0; Win64; x64) AppleWebKit/537.36 (KHTML, like Gecko) Chrome/83.0.4103.97 Safari/537.36\""}}
[info] i  hosting: 127.0.0.1 - - [08/Jun/2020:16:30:47 +0000] "GET /1-es2015.7f71ef855ab37be6965b.js HTTP/1.1" 200 38966 "http://localhost:5000/" "Mozilla/5.0 (Windows NT 10.0; Win64; x64) AppleWebKit/537.36 (KHTML, like Gecko) Chrome/83.0.4103.97 Safari/537.36" {"metadata":{"emulator":{"name":"hosting"},"message":"127.0.0.1 - - [08/Jun/2020:16:30:47 +0000] \"GET /1-es2015.7f71ef855ab37be6965b.js HTTP/1.1\" 200 38966 \"http://localhost:5000/\" \"Mozilla/5.0 (Windows NT 10.0; Win64; x64) AppleWebKit/537.36 (KHTML, like Gecko) Chrome/83.0.4103.97 Safari/537.36\""}}
[info] i  hosting: 127.0.0.1 - - [08/Jun/2020:16:30:47 +0000] "GET /common-es2015.b9d56f180efe328aafba.js HTTP/1.1" 200 8666 "http://localhost:5000/" "Mozilla/5.0 (Windows NT 10.0; Win64; x64) AppleWebKit/537.36 (KHTML, like Gecko) Chrome/83.0.4103.97 Safari/537.36" {"metadata":{"emulator":{"name":"hosting"},"message":"127.0.0.1 - - [08/Jun/2020:16:30:47 +0000] \"GET /common-es2015.b9d56f180efe328aafba.js HTTP/1.1\" 200 8666 \"http://localhost:5000/\" \"Mozilla/5.0 (Windows NT 10.0; Win64; x64) AppleWebKit/537.36 (KHTML, like Gecko) Chrome/83.0.4103.97 Safari/537.36\""}}
[info] i  hosting: 127.0.0.1 - - [08/Jun/2020:16:30:47 +0000] "GET /15-es2015.4cdb2ce5b0a88e31583d.js HTTP/1.1" 200 222082 "http://localhost:5000/" "Mozilla/5.0 (Windows NT 10.0; Win64; x64) AppleWebKit/537.36 (KHTML, like Gecko) Chrome/83.0.4103.97 Safari/537.36" {"metadata":{"emulator":{"name":"hosting"},"message":"127.0.0.1 - - [08/Jun/2020:16:30:47 +0000] \"GET /15-es2015.4cdb2ce5b0a88e31583d.js HTTP/1.1\" 200 222082 \"http://localhost:5000/\" \"Mozilla/5.0 (Windows NT 10.0; Win64; x64) AppleWebKit/537.36 (KHTML, like Gecko) Chrome/83.0.4103.97 Safari/537.36\""}}
[info] i  hosting: 127.0.0.1 - - [08/Jun/2020:16:30:48 +0000] "GET /assets/i18n/en.json HTTP/1.1" 200 38473 "http://localhost:5000/" "Mozilla/5.0 (Windows NT 10.0; Win64; x64) AppleWebKit/537.36 (KHTML, like Gecko) Chrome/83.0.4103.97 Safari/537.36" {"metadata":{"emulator":{"name":"hosting"},"message":"127.0.0.1 - - [08/Jun/2020:16:30:48 +0000] \"GET /assets/i18n/en.json HTTP/1.1\" 200 38473 \"http://localhost:5000/\" \"Mozilla/5.0 (Windows NT 10.0; Win64; x64) AppleWebKit/537.36 (KHTML, like Gecko) Chrome/83.0.4103.97 Safari/537.36\""}}
[info] i  hosting: 127.0.0.1 - - [08/Jun/2020:16:30:48 +0000] "GET /8-es2015.0dbda18d84e1e94f1c65.js HTTP/1.1" 200 23970 "http://localhost:5000/" "Mozilla/5.0 (Windows NT 10.0; Win64; x64) AppleWebKit/537.36 (KHTML, like Gecko) Chrome/83.0.4103.97 Safari/537.36" {"metadata":{"emulator":{"name":"hosting"},"message":"127.0.0.1 - - [08/Jun/2020:16:30:48 +0000] \"GET /8-es2015.0dbda18d84e1e94f1c65.js HTTP/1.1\" 200 23970 \"http://localhost:5000/\" \"Mozilla/5.0 (Windows NT 10.0; Win64; x64) AppleWebKit/537.36 (KHTML, like Gecko) Chrome/83.0.4103.97 Safari/537.36\""}}
[info] i  hosting: 127.0.0.1 - - [08/Jun/2020:16:30:48 +0000] "GET /14-es2015.64daad6c15419096b3b7.js HTTP/1.1" 200 1279 "http://localhost:5000/" "Mozilla/5.0 (Windows NT 10.0; Win64; x64) AppleWebKit/537.36 (KHTML, like Gecko) Chrome/83.0.4103.97 Safari/537.36" {"metadata":{"emulator":{"name":"hosting"},"message":"127.0.0.1 - - [08/Jun/2020:16:30:48 +0000] \"GET /14-es2015.64daad6c15419096b3b7.js HTTP/1.1\" 200 1279 \"http://localhost:5000/\" \"Mozilla/5.0 (Windows NT 10.0; Win64; x64) AppleWebKit/537.36 (KHTML, like Gecko) Chrome/83.0.4103.97 Safari/537.36\""}}
[info] i  hosting: 127.0.0.1 - - [08/Jun/2020:16:30:48 +0000] "GET /9-es2015.b8619dbef80cabc21d17.js HTTP/1.1" 200 90374 "http://localhost:5000/" "Mozilla/5.0 (Windows NT 10.0; Win64; x64) AppleWebKit/537.36 (KHTML, like Gecko) Chrome/83.0.4103.97 Safari/537.36" {"metadata":{"emulator":{"name":"hosting"},"message":"127.0.0.1 - - [08/Jun/2020:16:30:48 +0000] \"GET /9-es2015.b8619dbef80cabc21d17.js HTTP/1.1\" 200 90374 \"http://localhost:5000/\" \"Mozilla/5.0 (Windows NT 10.0; Win64; x64) AppleWebKit/537.36 (KHTML, like Gecko) Chrome/83.0.4103.97 Safari/537.36\""}}
[info] i  hosting: 127.0.0.1 - - [08/Jun/2020:16:30:48 +0000] "GET /11-es2015.182d47724e35f91f4ad5.js HTTP/1.1" 200 1076 "http://localhost:5000/" "Mozilla/5.0 (Windows NT 10.0; Win64; x64) AppleWebKit/537.36 (KHTML, like Gecko) Chrome/83.0.4103.97 Safari/537.36" {"metadata":{"emulator":{"name":"hosting"},"message":"127.0.0.1 - - [08/Jun/2020:16:30:48 +0000] \"GET /11-es2015.182d47724e35f91f4ad5.js HTTP/1.1\" 200 1076 \"http://localhost:5000/\" \"Mozilla/5.0 (Windows NT 10.0; Win64; x64) AppleWebKit/537.36 (KHTML, like Gecko) Chrome/83.0.4103.97 Safari/537.36\""}}
[info] i  hosting: 127.0.0.1 - - [08/Jun/2020:16:30:48 +0000] "GET /assets/images/logo/logo-white.png HTTP/1.1" 200 2903 "http://localhost:5000/" "Mozilla/5.0 (Windows NT 10.0; Win64; x64) AppleWebKit/537.36 (KHTML, like Gecko) Chrome/83.0.4103.97 Safari/537.36" {"metadata":{"emulator":{"name":"hosting"},"message":"127.0.0.1 - - [08/Jun/2020:16:30:48 +0000] \"GET /assets/images/logo/logo-white.png HTTP/1.1\" 200 2903 \"http://localhost:5000/\" \"Mozilla/5.0 (Windows NT 10.0; Win64; x64) AppleWebKit/537.36 (KHTML, like Gecko) Chrome/83.0.4103.97 Safari/537.36\""}}
[info] i  hosting: 127.0.0.1 - - [08/Jun/2020:16:30:48 +0000] "GET /assets/images/logo/logo-fold-white.png HTTP/1.1" 200 2166 "http://localhost:5000/" "Mozilla/5.0 (Windows NT 10.0; Win64; x64) AppleWebKit/537.36 (KHTML, like Gecko) Chrome/83.0.4103.97 Safari/537.36" {"metadata":{"emulator":{"name":"hosting"},"message":"127.0.0.1 - - [08/Jun/2020:16:30:48 +0000] \"GET /assets/images/logo/logo-fold-white.png HTTP/1.1\" 200 2166 \"http://localhost:5000/\" \"Mozilla/5.0 (Windows NT 10.0; Win64; x64) AppleWebKit/537.36 (KHTML, like Gecko) Chrome/83.0.4103.97 Safari/537.36\""}}
[info] i  hosting: 127.0.0.1 - - [08/Jun/2020:16:30:48 +0000] "GET /assets/images/sign-up.png HTTP/1.1" 200 1120 "http://localhost:5000/" "Mozilla/5.0 (Windows NT 10.0; Win64; x64) AppleWebKit/537.36 (KHTML, like Gecko) Chrome/83.0.4103.97 Safari/537.36" {"metadata":{"emulator":{"name":"hosting"},"message":"127.0.0.1 - - [08/Jun/2020:16:30:48 +0000] \"GET /assets/images/sign-up.png HTTP/1.1\" 200 1120 \"http://localhost:5000/\" \"Mozilla/5.0 (Windows NT 10.0; Win64; x64) AppleWebKit/537.36 (KHTML, like Gecko) Chrome/83.0.4103.97 Safari/537.36\""}}
[info] i  hosting: 127.0.0.1 - - [08/Jun/2020:16:30:48 +0000] "GET /josefinsans-semibold-webfont.536a954ee01627c0e69a.woff2 HTTP/1.1" 200 19300 "http://localhost:5000/styles.beb3c142cb577de76c12.css" "Mozilla/5.0 (Windows NT 10.0; Win64; x64) AppleWebKit/537.36 (KHTML, like Gecko) Chrome/83.0.4103.97 Safari/537.36" {"metadata":{"emulator":{"name":"hosting"},"message":"127.0.0.1 - - [08/Jun/2020:16:30:48 +0000] \"GET /josefinsans-semibold-webfont.536a954ee01627c0e69a.woff2 HTTP/1.1\" 200 19300 \"http://localhost:5000/styles.beb3c142cb577de76c12.css\" \"Mozilla/5.0 (Windows NT 10.0; Win64; x64) AppleWebKit/537.36 (KHTML, like Gecko) Chrome/83.0.4103.97 Safari/537.36\""}}
[info] i  hosting: 127.0.0.1 - - [08/Jun/2020:16:30:48 +0000] "GET /opensans-regular-webfont.96ec45f707fc491a1f4a.woff2 HTTP/1.1" 200 18392 "http://localhost:5000/styles.beb3c142cb577de76c12.css" "Mozilla/5.0 (Windows NT 10.0; Win64; x64) AppleWebKit/537.36 (KHTML, like Gecko) Chrome/83.0.4103.97 Safari/537.36" {"metadata":{"emulator":{"name":"hosting"},"message":"127.0.0.1 - - [08/Jun/2020:16:30:48 +0000] \"GET /opensans-regular-webfont.96ec45f707fc491a1f4a.woff2 HTTP/1.1\" 200 18392 \"http://localhost:5000/styles.beb3c142cb577de76c12.css\" \"Mozilla/5.0 (Windows NT 10.0; Win64; x64) AppleWebKit/537.36 (KHTML, like Gecko) Chrome/83.0.4103.97 Safari/537.36\""}}
[info] i  hosting: 127.0.0.1 - - [08/Jun/2020:16:30:48 +0000] "GET /10-es2015.a49bab18e77b725bfed5.js HTTP/1.1" 200 45292 "http://localhost:5000/" "Mozilla/5.0 (Windows NT 10.0; Win64; x64) AppleWebKit/537.36 (KHTML, like Gecko) Chrome/83.0.4103.97 Safari/537.36" {"metadata":{"emulator":{"name":"hosting"},"message":"127.0.0.1 - - [08/Jun/2020:16:30:48 +0000] \"GET /10-es2015.a49bab18e77b725bfed5.js HTTP/1.1\" 200 45292 \"http://localhost:5000/\" \"Mozilla/5.0 (Windows NT 10.0; Win64; x64) AppleWebKit/537.36 (KHTML, like Gecko) Chrome/83.0.4103.97 Safari/537.36\""}}
[info] i  hosting: 127.0.0.1 - - [08/Jun/2020:16:30:48 +0000] "GET /13-es2015.7947b3386f743c0e0339.js HTTP/1.1" 200 30869 "http://localhost:5000/" "Mozilla/5.0 (Windows NT 10.0; Win64; x64) AppleWebKit/537.36 (KHTML, like Gecko) Chrome/83.0.4103.97 Safari/537.36" {"metadata":{"emulator":{"name":"hosting"},"message":"127.0.0.1 - - [08/Jun/2020:16:30:48 +0000] \"GET /13-es2015.7947b3386f743c0e0339.js HTTP/1.1\" 200 30869 \"http://localhost:5000/\" \"Mozilla/5.0 (Windows NT 10.0; Win64; x64) AppleWebKit/537.36 (KHTML, like Gecko) Chrome/83.0.4103.97 Safari/537.36\""}}
[info] i  hosting: 127.0.0.1 - - [08/Jun/2020:16:30:48 +0000] "GET /12-es2015.ceddedacfcebe957a1aa.js HTTP/1.1" 200 1690 "http://localhost:5000/" "Mozilla/5.0 (Windows NT 10.0; Win64; x64) AppleWebKit/537.36 (KHTML, like Gecko) Chrome/83.0.4103.97 Safari/537.36" {"metadata":{"emulator":{"name":"hosting"},"message":"127.0.0.1 - - [08/Jun/2020:16:30:48 +0000] \"GET /12-es2015.ceddedacfcebe957a1aa.js HTTP/1.1\" 200 1690 \"http://localhost:5000/\" \"Mozilla/5.0 (Windows NT 10.0; Win64; x64) AppleWebKit/537.36 (KHTML, like Gecko) Chrome/83.0.4103.97 Safari/537.36\""}}
[info] i  hosting: 127.0.0.1 - - [08/Jun/2020:16:30:49 +0000] "GET /favicon.png HTTP/1.1" 404 150 "http://localhost:5000/" "Mozilla/5.0 (Windows NT 10.0; Win64; x64) AppleWebKit/537.36 (KHTML, like Gecko) Chrome/83.0.4103.97 Safari/537.36" {"metadata":{"emulator":{"name":"hosting"},"message":"127.0.0.1 - - [08/Jun/2020:16:30:49 +0000] \"GET /favicon.png HTTP/1.1\" 404 150 \"http://localhost:5000/\" \"Mozilla/5.0 (Windows NT 10.0; Win64; x64) AppleWebKit/537.36 (KHTML, like Gecko) Chrome/83.0.4103.97 Safari/537.36\""}}
[info] i  hosting: 127.0.0.1 - - [08/Jun/2020:16:30:50 +0000] "GET /assets/images/read-more-icon.png HTTP/1.1" 200 1038 "http://localhost:5000/" "Mozilla/5.0 (Windows NT 10.0; Win64; x64) AppleWebKit/537.36 (KHTML, like Gecko) Chrome/83.0.4103.97 Safari/537.36" {"metadata":{"emulator":{"name":"hosting"},"message":"127.0.0.1 - - [08/Jun/2020:16:30:50 +0000] \"GET /assets/images/read-more-icon.png HTTP/1.1\" 200 1038 \"http://localhost:5000/\" \"Mozilla/5.0 (Windows NT 10.0; Win64; x64) AppleWebKit/537.36 (KHTML, like Gecko) Chrome/83.0.4103.97 Safari/537.36\""}}
[info] i  hosting: 127.0.0.1 - - [08/Jun/2020:16:30:50 +0000] "GET /josefinsans-regular-webfont.c90d3d30afd4f976b58a.woff2 HTTP/1.1" 200 19164 "http://localhost:5000/styles.beb3c142cb577de76c12.css" "Mozilla/5.0 (Windows NT 10.0; Win64; x64) AppleWebKit/537.36 (KHTML, like Gecko) Chrome/83.0.4103.97 Safari/537.36" {"metadata":{"emulator":{"name":"hosting"},"message":"127.0.0.1 - - [08/Jun/2020:16:30:50 +0000] \"GET /josefinsans-regular-webfont.c90d3d30afd4f976b58a.woff2 HTTP/1.1\" 200 19164 \"http://localhost:5000/styles.beb3c142cb577de76c12.css\" \"Mozilla/5.0 (Windows NT 10.0; Win64; x64) AppleWebKit/537.36 (KHTML, like Gecko) Chrome/83.0.4103.97 Safari/537.36\""}}
[info] i  hosting: 127.0.0.1 - - [08/Jun/2020:16:30:50 +0000] "GET /josefinsans-bold-webfont.e3c766c2f8206aa23d1a.woff2 HTTP/1.1" 200 18912 "http://localhost:5000/styles.beb3c142cb577de76c12.css" "Mozilla/5.0 (Windows NT 10.0; Win64; x64) AppleWebKit/537.36 (KHTML, like Gecko) Chrome/83.0.4103.97 Safari/537.36" {"metadata":{"emulator":{"name":"hosting"},"message":"127.0.0.1 - - [08/Jun/2020:16:30:50 +0000] \"GET /josefinsans-bold-webfont.e3c766c2f8206aa23d1a.woff2 HTTP/1.1\" 200 18912 \"http://localhost:5000/styles.beb3c142cb577de76c12.css\" \"Mozilla/5.0 (Windows NT 10.0; Win64; x64) AppleWebKit/537.36 (KHTML, like Gecko) Chrome/83.0.4103.97 Safari/537.36\""}}
[info] i  hosting: 127.0.0.1 - - [08/Jun/2020:16:30:50 +0000] "GET /assets/images/read-more-icon-black.png HTTP/1.1" 200 1040 "http://localhost:5000/" "Mozilla/5.0 (Windows NT 10.0; Win64; x64) AppleWebKit/537.36 (KHTML, like Gecko) Chrome/83.0.4103.97 Safari/537.36" {"metadata":{"emulator":{"name":"hosting"},"message":"127.0.0.1 - - [08/Jun/2020:16:30:50 +0000] \"GET /assets/images/read-more-icon-black.png HTTP/1.1\" 200 1040 \"http://localhost:5000/\" \"Mozilla/5.0 (Windows NT 10.0; Win64; x64) AppleWebKit/537.36 (KHTML, like Gecko) Chrome/83.0.4103.97 Safari/537.36\""}}
[info] i  hosting: 127.0.0.1 - - [08/Jun/2020:16:31:35 +0000] "GET /josefinsans-light-webfont.164b35f3ca6774a74fc5.woff2 HTTP/1.1" 200 18396 "http://localhost:5000/styles.beb3c142cb577de76c12.css" "Mozilla/5.0 (Windows NT 10.0; Win64; x64) AppleWebKit/537.36 (KHTML, like Gecko) Chrome/83.0.4103.97 Safari/537.36" {"metadata":{"emulator":{"name":"hosting"},"message":"127.0.0.1 - - [08/Jun/2020:16:31:35 +0000] \"GET /josefinsans-light-webfont.164b35f3ca6774a74fc5.woff2 HTTP/1.1\" 200 18396 \"http://localhost:5000/styles.beb3c142cb577de76c12.css\" \"Mozilla/5.0 (Windows NT 10.0; Win64; x64) AppleWebKit/537.36 (KHTML, like Gecko) Chrome/83.0.4103.97 Safari/537.36\""}}
[info] i  hosting: 127.0.0.1 - - [08/Jun/2020:16:31:35 +0000] "GET /josefinsans-italic-webfont.dce4e1d201b2296ea693.woff2 HTTP/1.1" 200 22188 "http://localhost:5000/styles.beb3c142cb577de76c12.css" "Mozilla/5.0 (Windows NT 10.0; Win64; x64) AppleWebKit/537.36 (KHTML, like Gecko) Chrome/83.0.4103.97 Safari/537.36" {"metadata":{"emulator":{"name":"hosting"},"message":"127.0.0.1 - - [08/Jun/2020:16:31:35 +0000] \"GET /josefinsans-italic-webfont.dce4e1d201b2296ea693.woff2 HTTP/1.1\" 200 22188 \"http://localhost:5000/styles.beb3c142cb577de76c12.css\" \"Mozilla/5.0 (Windows NT 10.0; Win64; x64) AppleWebKit/537.36 (KHTML, like Gecko) Chrome/83.0.4103.97 Safari/537.36\""}}
[debug] [2020-06-08T16:41:40.260Z] ----------------------------------------------------------------------
[debug] [2020-06-08T16:41:40.264Z] Command:       C:\Program Files\nodejs\node.exe C:\Program Files\nodejs\node_modules\firebase-tools\lib\bin\firebase.js serve
[debug] [2020-06-08T16:41:40.264Z] CLI Version:   8.4.2
[debug] [2020-06-08T16:41:40.264Z] Platform:      win32
[debug] [2020-06-08T16:41:40.264Z] Node Version:  v12.16.1
[debug] [2020-06-08T16:41:40.265Z] Time:          Mon Jun 08 2020 22:11:40 GMT+0530 (India Standard Time)
[debug] [2020-06-08T16:41:40.266Z] ----------------------------------------------------------------------
[debug] [2020-06-08T16:41:40.266Z] 
[debug] [2020-06-08T16:41:40.280Z] > command requires scopes: ["email","openid","https://www.googleapis.com/auth/cloudplatformprojects.readonly","https://www.googleapis.com/auth/firebase","https://www.googleapis.com/auth/cloud-platform"]
[debug] [2020-06-08T16:41:40.281Z] > authorizing via signed-in user
[debug] [2020-06-08T16:41:40.281Z] [iam] checking project my-trending-stories-dev for permissions ["firebase.projects.get"]
[debug] [2020-06-08T16:41:40.288Z] >>> HTTP REQUEST POST https://cloudresourcemanager.googleapis.com/v1/projects/my-trending-stories-dev:testIamPermissions  
 {"permissions":["firebase.projects.get"]}
[debug] [2020-06-08T16:41:41.815Z] <<< HTTP RESPONSE 200 {"content-type":"application/json; charset=UTF-8","vary":"X-Origin, Referer, Origin,Accept-Encoding","date":"Mon, 08 Jun 2020 16:41:40 GMT","server":"ESF","cache-control":"private","x-xss-protection":"0","x-frame-options":"SAMEORIGIN","x-content-type-options":"nosniff","server-timing":"gfet4t7; dur=1162","alt-svc":"h3-27=\":443\"; ma=2592000,h3-25=\":443\"; ma=2592000,h3-T050=\":443\"; ma=2592000,h3-Q050=\":443\"; ma=2592000,h3-Q049=\":443\"; ma=2592000,h3-Q048=\":443\"; ma=2592000,h3-Q046=\":443\"; ma=2592000,h3-Q043=\":443\"; ma=2592000,quic=\":443\"; ma=2592000; v=\"46,43\"","accept-ranges":"none","transfer-encoding":"chunked"}
[debug] [2020-06-08T16:41:41.817Z] >>> HTTP REQUEST GET https://firebase.googleapis.com/v1beta1/projects/my-trending-stories-dev  
 
[debug] [2020-06-08T16:41:42.310Z] <<< HTTP RESPONSE 200 {"content-type":"application/json; charset=UTF-8","vary":"X-Origin, Referer, Origin,Accept-Encoding","date":"Mon, 08 Jun 2020 16:41:40 GMT","server":"ESF","cache-control":"private","x-xss-protection":"0","x-frame-options":"SAMEORIGIN","x-content-type-options":"nosniff","alt-svc":"h3-27=\":443\"; ma=2592000,h3-25=\":443\"; ma=2592000,h3-T050=\":443\"; ma=2592000,h3-Q050=\":443\"; ma=2592000,h3-Q049=\":443\"; ma=2592000,h3-Q048=\":443\"; ma=2592000,h3-Q046=\":443\"; ma=2592000,h3-Q043=\":443\"; ma=2592000,quic=\":443\"; ma=2592000; v=\"46,43\"","accept-ranges":"none","transfer-encoding":"chunked"}
[info] 
[info] === Serving from 'C:\website'...
[info] 
[debug] [2020-06-08T16:41:42.338Z] >>> HTTP REQUEST GET https://firebase.googleapis.com/v1beta1/projects/my-trending-stories-dev/webApps/-/config  
 
[debug] [2020-06-08T16:41:43.624Z] <<< HTTP RESPONSE 200 {"content-type":"application/json; charset=UTF-8","vary":"X-Origin, Referer, Origin,Accept-Encoding","date":"Mon, 08 Jun 2020 16:41:41 GMT","server":"ESF","cache-control":"private","x-xss-protection":"0","x-frame-options":"SAMEORIGIN","x-content-type-options":"nosniff","alt-svc":"h3-27=\":443\"; ma=2592000,h3-25=\":443\"; ma=2592000,h3-T050=\":443\"; ma=2592000,h3-Q050=\":443\"; ma=2592000,h3-Q049=\":443\"; ma=2592000,h3-Q048=\":443\"; ma=2592000,h3-Q046=\":443\"; ma=2592000,h3-Q043=\":443\"; ma=2592000,quic=\":443\"; ma=2592000; v=\"46,43\"","accept-ranges":"none","transfer-encoding":"chunked"}
[info] i  hosting[dev]: Serving hosting files from: dist/enlink/browser {"metadata":{"emulator":{"name":"hosting"},"message":"Serving hosting files from: \u001b[1mdist/enlink/browser\u001b[22m"}}
[info] +  hosting[dev]: Local server: http://localhost:5000 {"metadata":{"emulator":{"name":"hosting"},"message":"Local server: \u001b[4m\u001b[1mhttp://localhost:5000\u001b[22m\u001b[24m"}}
[info] i  hosting[test]: Serving hosting files from: dist/enlink/browser {"metadata":{"emulator":{"name":"hosting"},"message":"Serving hosting files from: \u001b[1mdist/enlink/browser\u001b[22m"}}
[info] +  hosting[test]: Local server: http://localhost:5005 {"metadata":{"emulator":{"name":"hosting"},"message":"Local server: \u001b[4m\u001b[1mhttp://localhost:5005\u001b[22m\u001b[24m"}}
[info] i  hosting[prod]: Serving hosting files from: dist/enlink/browser {"metadata":{"emulator":{"name":"hosting"},"message":"Serving hosting files from: \u001b[1mdist/enlink/browser\u001b[22m"}}
[info] +  hosting[prod]: Local server: http://localhost:5006 {"metadata":{"emulator":{"name":"hosting"},"message":"Local server: \u001b[4m\u001b[1mhttp://localhost:5006\u001b[22m\u001b[24m"}}
[info] +  functions: Using node@12 from host. {"metadata":{"emulator":{"name":"functions"},"message":"Using node@12 from host."}}
[info] i  functions: Watching "C:\website\functions" for Cloud Functions... {"metadata":{"emulator":{"name":"functions"},"message":"Watching \"C:\\website\\functions\" for Cloud Functions..."}}
[debug] [2020-06-08T16:41:44.395Z] [worker-pool] addWorker(~diagnostic~) {"metadata":{"emulator":{"name":"functions"},"message":"[worker-pool] addWorker(~diagnostic~)"}}
[debug] [2020-06-08T16:41:44.396Z] [worker-pool] Adding worker with key ~diagnostic~, total=1 {"metadata":{"emulator":{"name":"functions"},"message":"[worker-pool] Adding worker with key ~diagnostic~, total=1"}}
[debug] [2020-06-08T16:41:44.396Z] [worker-pool] submitWork(triggerId=) {"metadata":{"emulator":{"name":"functions"},"message":"[worker-pool] submitWork(triggerId=)"}}
[debug] [2020-06-08T16:41:44.397Z] [worker-~diagnostic~-b03ca447-60d2-4f44-9bf2-1bbbb4520c28]: Assigning socketPath: \\?\pipe\C:\website\functions\1784 {"metadata":{"emulator":{"name":"functions"},"message":"[worker-~diagnostic~-b03ca447-60d2-4f44-9bf2-1bbbb4520c28]: Assigning socketPath: \\\\?\\pipe\\C:\\website\\functions\\1784"}}
[debug] [2020-06-08T16:41:44.397Z] [worker-~diagnostic~-b03ca447-60d2-4f44-9bf2-1bbbb4520c28]: BUSY {"metadata":{"emulator":{"name":"functions"},"message":"[worker-~diagnostic~-b03ca447-60d2-4f44-9bf2-1bbbb4520c28]: BUSY"}}
[debug] [2020-06-08T16:41:45.883Z] [runtime-status] [1784] Functions runtime initialized. {"cwd":"C:\\website\\functions","node_version":"12.16.1"} {"metadata":{"emulator":{"name":"functions"},"message":"[runtime-status] [1784] Functions runtime initialized. {\"cwd\":\"C:\\\\website\\\\functions\",\"node_version\":\"12.16.1\"}"}}
[debug] [2020-06-08T16:41:45.884Z] [runtime-status] [1784] Disabled runtime features: undefined {"metadata":{"emulator":{"name":"functions"},"message":"[runtime-status] [1784] Disabled runtime features: undefined"}}
[debug] [2020-06-08T16:41:45.884Z] [runtime-status] [1784] Resolved module firebase-admin {"declared":true,"installed":true,"version":"8.12.1","resolution":"C:\\website\\functions\\node_modules\\firebase-admin\\lib\\index.js"} {"metadata":{"emulator":{"name":"functions"},"message":"[runtime-status] [1784] Resolved module firebase-admin {\"declared\":true,\"installed\":true,\"version\":\"8.12.1\",\"resolution\":\"C:\\\\website\\\\functions\\\\node_modules\\\\firebase-admin\\\\lib\\\\index.js\"}"}}
[debug] [2020-06-08T16:41:45.884Z] [runtime-status] [1784] Resolved module firebase-functions {"declared":true,"installed":true,"version":"3.6.2","resolution":"C:\\website\\functions\\node_modules\\firebase-functions\\lib\\index.js"} {"metadata":{"emulator":{"name":"functions"},"message":"[runtime-status] [1784] Resolved module firebase-functions {\"declared\":true,\"installed\":true,\"version\":\"3.6.2\",\"resolution\":\"C:\\\\website\\\\functions\\\\node_modules\\\\firebase-functions\\\\lib\\\\index.js\"}"}}
[debug] [2020-06-08T16:41:45.885Z] [runtime-status] [1784] Outgoing network have been stubbed. [{"name":"http","status":"mocked"},{"name":"http","status":"mocked"},{"name":"https","status":"mocked"},{"name":"https","status":"mocked"},{"name":"net","status":"mocked"}] {"metadata":{"emulator":{"name":"functions"},"message":"[runtime-status] [1784] Outgoing network have been stubbed. [{\"name\":\"http\",\"status\":\"mocked\"},{\"name\":\"http\",\"status\":\"mocked\"},{\"name\":\"https\",\"status\":\"mocked\"},{\"name\":\"https\",\"status\":\"mocked\"},{\"name\":\"net\",\"status\":\"mocked\"}]"}}
[debug] [2020-06-08T16:41:45.885Z] [runtime-status] [1784] Resolved module firebase-functions {"declared":true,"installed":true,"version":"3.6.2","resolution":"C:\\website\\functions\\node_modules\\firebase-functions\\lib\\index.js"} {"metadata":{"emulator":{"name":"functions"},"message":"[runtime-status] [1784] Resolved module firebase-functions {\"declared\":true,\"installed\":true,\"version\":\"3.6.2\",\"resolution\":\"C:\\\\website\\\\functions\\\\node_modules\\\\firebase-functions\\\\lib\\\\index.js\"}"}}
[debug] [2020-06-08T16:41:45.885Z] [runtime-status] [1784] Checked functions.config() {"config":{}} {"metadata":{"emulator":{"name":"functions"},"message":"[runtime-status] [1784] Checked functions.config() {\"config\":{}}"}}
[debug] [2020-06-08T16:41:45.885Z] [runtime-status] [1784] firebase-functions has been stubbed. {"functionsResolution":{"declared":true,"installed":true,"version":"3.6.2","resolution":"C:\\website\\functions\\node_modules\\firebase-functions\\lib\\index.js"}} {"metadata":{"emulator":{"name":"functions"},"message":"[runtime-status] [1784] firebase-functions has been stubbed. {\"functionsResolution\":{\"declared\":true,\"installed\":true,\"version\":\"3.6.2\",\"resolution\":\"C:\\\\website\\\\functions\\\\node_modules\\\\firebase-functions\\\\lib\\\\index.js\"}}"}}
[debug] [2020-06-08T16:41:45.885Z] [runtime-status] [1784] Resolved module firebase-functions {"declared":true,"installed":true,"version":"3.6.2","resolution":"C:\\website\\functions\\node_modules\\firebase-functions\\lib\\index.js"} {"metadata":{"emulator":{"name":"functions"},"message":"[runtime-status] [1784] Resolved module firebase-functions {\"declared\":true,\"installed\":true,\"version\":\"3.6.2\",\"resolution\":\"C:\\\\website\\\\functions\\\\node_modules\\\\firebase-functions\\\\lib\\\\index.js\"}"}}
[debug] [2020-06-08T16:41:45.886Z] [runtime-status] [1784] Resolved module firebase-admin {"declared":true,"installed":true,"version":"8.12.1","resolution":"C:\\website\\functions\\node_modules\\firebase-admin\\lib\\index.js"} {"metadata":{"emulator":{"name":"functions"},"message":"[runtime-status] [1784] Resolved module firebase-admin {\"declared\":true,\"installed\":true,\"version\":\"8.12.1\",\"resolution\":\"C:\\\\website\\\\functions\\\\node_modules\\\\firebase-admin\\\\lib\\\\index.js\"}"}}
[debug] [2020-06-08T16:41:45.886Z] [runtime-status] [1784] Resolved module firebase-functions {"declared":true,"installed":true,"version":"3.6.2","resolution":"C:\\website\\functions\\node_modules\\firebase-functions\\lib\\index.js"} {"metadata":{"emulator":{"name":"functions"},"message":"[runtime-status] [1784] Resolved module firebase-functions {\"declared\":true,\"installed\":true,\"version\":\"3.6.2\",\"resolution\":\"C:\\\\website\\\\functions\\\\node_modules\\\\firebase-functions\\\\lib\\\\index.js\"}"}}
[debug] [2020-06-08T16:41:45.886Z] [runtime-status] [1784] firebase-admin has been stubbed. {"adminResolution":{"declared":true,"installed":true,"version":"8.12.1","resolution":"C:\\website\\functions\\node_modules\\firebase-admin\\lib\\index.js"}} {"metadata":{"emulator":{"name":"functions"},"message":"[runtime-status] [1784] firebase-admin has been stubbed. {\"adminResolution\":{\"declared\":true,\"installed\":true,\"version\":\"8.12.1\",\"resolution\":\"C:\\\\website\\\\functions\\\\node_modules\\\\firebase-admin\\\\lib\\\\index.js\"}}"}}
[warn] !  Error: Cannot find module 'C:\website\functions/dist/enlink/server'
Require stack:
- C:\website\functions\lib\index.js
- C:\Users\lg\AppData\Roaming\nvm\v12.16.1\node_modules\firebase-tools\lib\emulator\functionsEmulatorRuntime.js
    at Function.Module._resolveFilename (internal/modules/cjs/loader.js:982:15)
    at Function.Module._load (internal/modules/cjs/loader.js:864:27)
    at Module.require (internal/modules/cjs/loader.js:1044:19)
    at require (internal/modules/cjs/helpers.js:77:18)
    at Object.<anonymous> (C:\website\functions\lib\index.js:5:19)
    at Module._compile (internal/modules/cjs/loader.js:1158:30)
    at Object.Module._extensions..js (internal/modules/cjs/loader.js:1178:10)
    at Module.load (internal/modules/cjs/loader.js:1002:32)
    at Function.Module._load (internal/modules/cjs/loader.js:901:14)
    at Module.require (internal/modules/cjs/loader.js:1044:19) {"metadata":{"emulator":{"name":"functions"},"message":"Error: Cannot find module 'C:\\website\\functions/dist/enlink/server'\nRequire stack:\n- C:\\website\\functions\\lib\\index.js\n- C:\\Users\\lg\\AppData\\Roaming\\nvm\\v12.16.1\\node_modules\\firebase-tools\\lib\\emulator\\functionsEmulatorRuntime.js\n    at Function.Module._resolveFilename (internal/modules/cjs/loader.js:982:15)\n    at Function.Module._load (internal/modules/cjs/loader.js:864:27)\n    at Module.require (internal/modules/cjs/loader.js:1044:19)\n    at require (internal/modules/cjs/helpers.js:77:18)\n    at Object.<anonymous> (C:\\website\\functions\\lib\\index.js:5:19)\n    at Module._compile (internal/modules/cjs/loader.js:1158:30)\n    at Object.Module._extensions..js (internal/modules/cjs/loader.js:1178:10)\n    at Module.load (internal/modules/cjs/loader.js:1002:32)\n    at Function.Module._load (internal/modules/cjs/loader.js:901:14)\n    at Module.require (internal/modules/cjs/loader.js:1044:19)"}}
[warn] !  We were unable to load your functions code. (see above)
   - It appears your code is written in Typescript, which must be compiled before emulation.
   - You may be able to run "npm run build" in your functions directory to resolve this. {"metadata":{"emulator":{"name":"functions"}}}
[debug] [2020-06-08T16:41:45.927Z] [worker-~diagnostic~-b03ca447-60d2-4f44-9bf2-1bbbb4520c28]: exited {"metadata":{"emulator":{"name":"functions"},"message":"[worker-~diagnostic~-b03ca447-60d2-4f44-9bf2-1bbbb4520c28]: exited"}}
[debug] [2020-06-08T16:41:45.929Z] [worker-~diagnostic~-b03ca447-60d2-4f44-9bf2-1bbbb4520c28]: FINISHED {"metadata":{"emulator":{"name":"functions"},"message":"[worker-~diagnostic~-b03ca447-60d2-4f44-9bf2-1bbbb4520c28]: FINISHED"}}
